{"C:\\Users\\arthu\\Desktop\\C150713_CAIXA\\src\\design-system\\components\\Button.tsx": {"path":"C:\\Users\\arthu\\Desktop\\C150713_CAIXA\\src\\design-system\\components\\Button.tsx","statementMap":{"0":{"start":{"line":26,"column":45},"end":{"line":82,"column":1}},"1":{"start":{"line":38,"column":22},"end":{"line":45,"column":3}},"2":{"start":{"line":47,"column":21},"end":{"line":53,"column":3}},"3":{"start":{"line":55,"column":2},"end":{"line":81,"column":4}},"4":{"start":{"line":84,"column":15},"end":{"line":152,"column":2}}},"fnMap":{"0":{"name":"(anonymous_0)","decl":{"start":{"line":26,"column":45},"end":{"line":26,"column":46}},"loc":{"start":{"line":37,"column":6},"end":{"line":82,"column":1}},"line":37}},"branchMap":{"0":{"loc":{"start":{"line":29,"column":2},"end":{"line":29,"column":21}},"type":"default-arg","locations":[{"start":{"line":29,"column":12},"end":{"line":29,"column":21}}],"line":29},"1":{"loc":{"start":{"line":30,"column":2},"end":{"line":30,"column":13}},"type":"default-arg","locations":[{"start":{"line":30,"column":9},"end":{"line":30,"column":13}}],"line":30},"2":{"loc":{"start":{"line":31,"column":2},"end":{"line":31,"column":18}},"type":"default-arg","locations":[{"start":{"line":31,"column":13},"end":{"line":31,"column":18}}],"line":31},"3":{"loc":{"start":{"line":32,"column":2},"end":{"line":32,"column":17}},"type":"default-arg","locations":[{"start":{"line":32,"column":12},"end":{"line":32,"column":17}}],"line":32},"4":{"loc":{"start":{"line":34,"column":2},"end":{"line":34,"column":19}},"type":"default-arg","locations":[{"start":{"line":34,"column":14},"end":{"line":34,"column":19}}],"line":34},"5":{"loc":{"start":{"line":42,"column":4},"end":{"line":42,"column":33}},"type":"binary-expr","locations":[{"start":{"line":42,"column":4},"end":{"line":42,"column":13}},{"start":{"line":42,"column":17},"end":{"line":42,"column":33}}],"line":42},"6":{"loc":{"start":{"line":43,"column":4},"end":{"line":43,"column":31}},"type":"binary-expr","locations":[{"start":{"line":43,"column":4},"end":{"line":43,"column":12}},{"start":{"line":43,"column":16},"end":{"line":43,"column":31}}],"line":43},"7":{"loc":{"start":{"line":51,"column":4},"end":{"line":51,"column":35}},"type":"binary-expr","locations":[{"start":{"line":51,"column":4},"end":{"line":51,"column":12}},{"start":{"line":51,"column":16},"end":{"line":51,"column":35}}],"line":51},"8":{"loc":{"start":{"line":59,"column":16},"end":{"line":59,"column":35}},"type":"binary-expr","locations":[{"start":{"line":59,"column":16},"end":{"line":59,"column":24}},{"start":{"line":59,"column":28},"end":{"line":59,"column":35}}],"line":59},"9":{"loc":{"start":{"line":62,"column":7},"end":{"line":79,"column":7}},"type":"cond-expr","locations":[{"start":{"line":63,"column":8},"end":{"line":66,"column":10}},{"start":{"line":68,"column":8},"end":{"line":78,"column":11}}],"line":62},"10":{"loc":{"start":{"line":64,"column":17},"end":{"line":64,"column":82}},"type":"cond-expr","locations":[{"start":{"line":64,"column":41},"end":{"line":64,"column":60}},{"start":{"line":64,"column":63},"end":{"line":64,"column":82}}],"line":64},"11":{"loc":{"start":{"line":69,"column":11},"end":{"line":76,"column":11}},"type":"binary-expr","locations":[{"start":{"line":69,"column":11},"end":{"line":69,"column":15}},{"start":{"line":70,"column":12},"end":{"line":75,"column":14}}],"line":69},"12":{"loc":{"start":{"line":73,"column":21},"end":{"line":73,"column":86}},"type":"cond-expr","locations":[{"start":{"line":73,"column":45},"end":{"line":73,"column":64}},{"start":{"line":73,"column":67},"end":{"line":73,"column":86}}],"line":73}},"s":{"0":2,"1":3,"2":3,"3":3,"4":2},"f":{"0":3},"b":{"0":[3],"1":[3],"2":[3],"3":[3],"4":[3],"5":[3,0],"6":[3,0],"7":[3,0],"8":[3,3],"9":[0,3],"10":[0,0],"11":[3,0],"12":[0,0]},"_coverageSchema":"1a1c01bbd47fc00a2c39e90264f33305004495a9","hash":"1a2c6a03735086128db1a03e4517eb5c408928e9"}
,"C:\\Users\\arthu\\Desktop\\C150713_CAIXA\\src\\design-system\\components\\Card.tsx": {"path":"C:\\Users\\arthu\\Desktop\\C150713_CAIXA\\src\\design-system\\components\\Card.tsx","statementMap":{"0":{"start":{"line":12,"column":41},"end":{"line":30,"column":1}},"1":{"start":{"line":18,"column":20},"end":{"line":23,"column":3}},"2":{"start":{"line":25,"column":2},"end":{"line":29,"column":4}},"3":{"start":{"line":32,"column":15},"end":{"line":51,"column":2}}},"fnMap":{"0":{"name":"(anonymous_0)","decl":{"start":{"line":12,"column":41},"end":{"line":12,"column":42}},"loc":{"start":{"line":17,"column":6},"end":{"line":30,"column":1}},"line":17}},"branchMap":{"0":{"loc":{"start":{"line":14,"column":2},"end":{"line":14,"column":21}},"type":"default-arg","locations":[{"start":{"line":14,"column":12},"end":{"line":14,"column":21}}],"line":14},"1":{"loc":{"start":{"line":15,"column":11},"end":{"line":15,"column":29}},"type":"default-arg","locations":[{"start":{"line":15,"column":25},"end":{"line":15,"column":29}}],"line":15}},"s":{"0":1,"1":0,"2":0,"3":1},"f":{"0":0},"b":{"0":[0],"1":[0]},"_coverageSchema":"1a1c01bbd47fc00a2c39e90264f33305004495a9","hash":"4e4a811f39311ce06bcaf9c0b6b8822e3fd53e72"}
,"C:\\Users\\arthu\\Desktop\\C150713_CAIXA\\src\\design-system\\components\\Skeleton.tsx": {"path":"C:\\Users\\arthu\\Desktop\\C150713_CAIXA\\src\\design-system\\components\\Skeleton.tsx","statementMap":{"0":{"start":{"line":14,"column":49},"end":{"line":97,"column":1}},"1":{"start":{"line":26,"column":24},"end":{"line":26,"column":61}},"2":{"start":{"line":28,"column":2},"end":{"line":42,"column":32}},"3":{"start":{"line":29,"column":27},"end":{"line":39,"column":5}},"4":{"start":{"line":30,"column":6},"end":{"line":38,"column":16}},"5":{"start":{"line":41,"column":4},"end":{"line":41,"column":21}},"6":{"start":{"line":44,"column":26},"end":{"line":54,"column":3}},"7":{"start":{"line":45,"column":4},"end":{"line":53,"column":5}},"8":{"start":{"line":47,"column":8},"end":{"line":47,"column":44}},"9":{"start":{"line":49,"column":8},"end":{"line":49,"column":35}},"10":{"start":{"line":52,"column":8},"end":{"line":52,"column":35}},"11":{"start":{"line":56,"column":21},"end":{"line":59,"column":4}},"12":{"start":{"line":61,"column":2},"end":{"line":96,"column":4}}},"fnMap":{"0":{"name":"(anonymous_0)","decl":{"start":{"line":14,"column":49},"end":{"line":14,"column":50}},"loc":{"start":{"line":25,"column":6},"end":{"line":97,"column":1}},"line":25},"1":{"name":"(anonymous_1)","decl":{"start":{"line":28,"column":12},"end":{"line":28,"column":13}},"loc":{"start":{"line":28,"column":18},"end":{"line":42,"column":3}},"line":28},"2":{"name":"(anonymous_2)","decl":{"start":{"line":29,"column":27},"end":{"line":29,"column":28}},"loc":{"start":{"line":29,"column":33},"end":{"line":39,"column":5}},"line":29},"3":{"name":"(anonymous_3)","decl":{"start":{"line":44,"column":26},"end":{"line":44,"column":27}},"loc":{"start":{"line":44,"column":43},"end":{"line":54,"column":3}},"line":44}},"branchMap":{"0":{"loc":{"start":{"line":17,"column":2},"end":{"line":17,"column":23}},"type":"default-arg","locations":[{"start":{"line":17,"column":12},"end":{"line":17,"column":23}}],"line":17},"1":{"loc":{"start":{"line":19,"column":2},"end":{"line":19,"column":17}},"type":"default-arg","locations":[{"start":{"line":19,"column":13},"end":{"line":19,"column":17}}],"line":19},"2":{"loc":{"start":{"line":20,"column":2},"end":{"line":24,"column":3}},"type":"default-arg","locations":[{"start":{"line":20,"column":18},"end":{"line":24,"column":3}}],"line":20},"3":{"loc":{"start":{"line":45,"column":4},"end":{"line":53,"column":5}},"type":"switch","locations":[{"start":{"line":46,"column":6},"end":{"line":47,"column":44}},{"start":{"line":48,"column":6},"end":{"line":49,"column":35}},{"start":{"line":50,"column":6},"end":{"line":50,"column":23}},{"start":{"line":51,"column":6},"end":{"line":52,"column":35}}],"line":45},"4":{"loc":{"start":{"line":58,"column":18},"end":{"line":58,"column":65}},"type":"cond-expr","locations":[{"start":{"line":58,"column":46},"end":{"line":58,"column":58}},{"start":{"line":58,"column":61},"end":{"line":58,"column":65}}],"line":58},"5":{"loc":{"start":{"line":58,"column":67},"end":{"line":58,"column":112}},"type":"cond-expr","locations":[{"start":{"line":58,"column":95},"end":{"line":58,"column":106}},{"start":{"line":58,"column":109},"end":{"line":58,"column":112}}],"line":58}},"s":{"0":1,"1":0,"2":0,"3":0,"4":0,"5":0,"6":0,"7":0,"8":0,"9":0,"10":0,"11":0,"12":0},"f":{"0":0,"1":0,"2":0,"3":0},"b":{"0":[0],"1":[0],"2":[0],"3":[0,0,0,0],"4":[0,0],"5":[0,0]},"_coverageSchema":"1a1c01bbd47fc00a2c39e90264f33305004495a9","hash":"a59401f0fe90ef4d76bc2bb1b6919c988f1b8095"}
,"C:\\Users\\arthu\\Desktop\\C150713_CAIXA\\src\\design-system\\components\\Text.tsx": {"path":"C:\\Users\\arthu\\Desktop\\C150713_CAIXA\\src\\design-system\\components\\Text.tsx","statementMap":{"0":{"start":{"line":14,"column":41},"end":{"line":38,"column":1}},"1":{"start":{"line":22,"column":20},"end":{"line":22,"column":75}},"2":{"start":{"line":24,"column":20},"end":{"line":28,"column":3}},"3":{"start":{"line":30,"column":2},"end":{"line":37,"column":4}}},"fnMap":{"0":{"name":"(anonymous_0)","decl":{"start":{"line":14,"column":41},"end":{"line":14,"column":42}},"loc":{"start":{"line":21,"column":6},"end":{"line":38,"column":1}},"line":21}},"branchMap":{"0":{"loc":{"start":{"line":16,"column":2},"end":{"line":16,"column":19}},"type":"default-arg","locations":[{"start":{"line":16,"column":12},"end":{"line":16,"column":19}}],"line":16},"1":{"loc":{"start":{"line":17,"column":2},"end":{"line":17,"column":19}},"type":"default-arg","locations":[{"start":{"line":17,"column":10},"end":{"line":17,"column":19}}],"line":17},"2":{"loc":{"start":{"line":18,"column":2},"end":{"line":18,"column":16}},"type":"default-arg","locations":[{"start":{"line":18,"column":10},"end":{"line":18,"column":16}}],"line":18},"3":{"loc":{"start":{"line":22,"column":20},"end":{"line":22,"column":75}},"type":"binary-expr","locations":[{"start":{"line":22,"column":20},"end":{"line":22,"column":66}},{"start":{"line":22,"column":70},"end":{"line":22,"column":75}}],"line":22}},"s":{"0":1,"1":4,"2":4,"3":4},"f":{"0":4},"b":{"0":[0],"1":[4],"2":[4],"3":[4,0]},"_coverageSchema":"1a1c01bbd47fc00a2c39e90264f33305004495a9","hash":"1f086a654fd340c0a706531432efe6efdf8137e8"}
,"C:\\Users\\arthu\\Desktop\\C150713_CAIXA\\src\\design-system\\components\\index.ts": {"path":"C:\\Users\\arthu\\Desktop\\C150713_CAIXA\\src\\design-system\\components\\index.ts","statementMap":{},"fnMap":{},"branchMap":{},"s":{},"f":{},"b":{},"_coverageSchema":"1a1c01bbd47fc00a2c39e90264f33305004495a9","hash":"babac82a87fc5628801b93fe20b1397734a1d93f"}
,"C:\\Users\\arthu\\Desktop\\C150713_CAIXA\\src\\design-system\\icons\\Icon.tsx": {"path":"C:\\Users\\arthu\\Desktop\\C150713_CAIXA\\src\\design-system\\icons\\Icon.tsx","statementMap":{"0":{"start":{"line":5,"column":25},"end":{"line":24,"column":10}},"1":{"start":{"line":26,"column":25},"end":{"line":31,"column":10}},"2":{"start":{"line":43,"column":41},"end":{"line":59,"column":1}},"3":{"start":{"line":49,"column":19},"end":{"line":49,"column":68}},"4":{"start":{"line":51,"column":2},"end":{"line":58,"column":4}},"5":{"start":{"line":61,"column":23},"end":{"line":64,"column":2}},"6":{"start":{"line":61,"column":30},"end":{"line":64,"column":1}}},"fnMap":{"0":{"name":"(anonymous_0)","decl":{"start":{"line":43,"column":41},"end":{"line":43,"column":42}},"loc":{"start":{"line":48,"column":6},"end":{"line":59,"column":1}},"line":48},"1":{"name":"(anonymous_1)","decl":{"start":{"line":61,"column":23},"end":{"line":61,"column":24}},"loc":{"start":{"line":61,"column":30},"end":{"line":64,"column":1}},"line":61}},"branchMap":{"0":{"loc":{"start":{"line":45,"column":2},"end":{"line":45,"column":13}},"type":"default-arg","locations":[{"start":{"line":45,"column":9},"end":{"line":45,"column":13}}],"line":45},"1":{"loc":{"start":{"line":46,"column":2},"end":{"line":46,"column":19}},"type":"default-arg","locations":[{"start":{"line":46,"column":10},"end":{"line":46,"column":19}}],"line":46},"2":{"loc":{"start":{"line":49,"column":19},"end":{"line":49,"column":68}},"type":"cond-expr","locations":[{"start":{"line":49,"column":46},"end":{"line":49,"column":50}},{"start":{"line":49,"column":53},"end":{"line":49,"column":68}}],"line":49}},"s":{"0":2,"1":2,"2":2,"3":0,"4":0,"5":2,"6":0},"f":{"0":0,"1":0},"b":{"0":[0],"1":[0],"2":[0,0]},"_coverageSchema":"1a1c01bbd47fc00a2c39e90264f33305004495a9","hash":"7453665d5bf6a101ff9a1d107d9dfce37f519ad3"}
,"C:\\Users\\arthu\\Desktop\\C150713_CAIXA\\src\\design-system\\tokens\\colors.ts": {"path":"C:\\Users\\arthu\\Desktop\\C150713_CAIXA\\src\\design-system\\tokens\\colors.ts","statementMap":{"0":{"start":{"line":1,"column":22},"end":{"line":62,"column":10}}},"fnMap":{},"branchMap":{},"s":{"0":2},"f":{},"b":{},"_coverageSchema":"1a1c01bbd47fc00a2c39e90264f33305004495a9","hash":"6a944bb7d09e5cf76c31c8cf7712e0353d249ae3"}
,"C:\\Users\\arthu\\Desktop\\C150713_CAIXA\\src\\design-system\\tokens\\index.ts": {"path":"C:\\Users\\arthu\\Desktop\\C150713_CAIXA\\src\\design-system\\tokens\\index.ts","statementMap":{"0":{"start":{"line":14,"column":21},"end":{"line":27,"column":10}}},"fnMap":{},"branchMap":{},"s":{"0":2},"f":{},"b":{},"_coverageSchema":"1a1c01bbd47fc00a2c39e90264f33305004495a9","hash":"a8111d5e80ce45c644b34b0647ea506c1905b527"}
,"C:\\Users\\arthu\\Desktop\\C150713_CAIXA\\src\\design-system\\tokens\\radius.ts": {"path":"C:\\Users\\arthu\\Desktop\\C150713_CAIXA\\src\\design-system\\tokens\\radius.ts","statementMap":{"0":{"start":{"line":1,"column":28},"end":{"line":11,"column":10}},"1":{"start":{"line":13,"column":22},"end":{"line":20,"column":10}}},"fnMap":{},"branchMap":{},"s":{"0":2,"1":2},"f":{},"b":{},"_coverageSchema":"1a1c01bbd47fc00a2c39e90264f33305004495a9","hash":"548ca35e5f7e53238510867b59484b7192017f7b"}
,"C:\\Users\\arthu\\Desktop\\C150713_CAIXA\\src\\design-system\\tokens\\shadows.ts": {"path":"C:\\Users\\arthu\\Desktop\\C150713_CAIXA\\src\\design-system\\tokens\\shadows.ts","statementMap":{"0":{"start":{"line":1,"column":23},"end":{"line":81,"column":10}}},"fnMap":{},"branchMap":{},"s":{"0":2},"f":{},"b":{},"_coverageSchema":"1a1c01bbd47fc00a2c39e90264f33305004495a9","hash":"ee776763a6a71385d8669c666affa48c38530d7e"}
,"C:\\Users\\arthu\\Desktop\\C150713_CAIXA\\src\\design-system\\tokens\\spacing.ts": {"path":"C:\\Users\\arthu\\Desktop\\C150713_CAIXA\\src\\design-system\\tokens\\spacing.ts","statementMap":{"0":{"start":{"line":1,"column":23},"end":{"line":20,"column":10}},"1":{"start":{"line":22,"column":23},"end":{"line":28,"column":10}},"2":{"start":{"line":30,"column":22},"end":{"line":36,"column":10}},"3":{"start":{"line":38,"column":19},"end":{"line":44,"column":10}}},"fnMap":{},"branchMap":{},"s":{"0":2,"1":2,"2":2,"3":2},"f":{},"b":{},"_coverageSchema":"1a1c01bbd47fc00a2c39e90264f33305004495a9","hash":"b38ac5e53d480ebba11bb2506ab5cf9931537c7e"}
,"C:\\Users\\arthu\\Desktop\\C150713_CAIXA\\src\\design-system\\tokens\\typography.ts": {"path":"C:\\Users\\arthu\\Desktop\\C150713_CAIXA\\src\\design-system\\tokens\\typography.ts","statementMap":{"0":{"start":{"line":3,"column":27},"end":{"line":10,"column":10}},"1":{"start":{"line":12,"column":25},"end":{"line":23,"column":10}},"2":{"start":{"line":25,"column":27},"end":{"line":36,"column":10}},"3":{"start":{"line":38,"column":28},"end":{"line":56,"column":10}},"4":{"start":{"line":58,"column":26},"end":{"line":144,"column":10}}},"fnMap":{},"branchMap":{},"s":{"0":2,"1":2,"2":2,"3":2,"4":2},"f":{},"b":{},"_coverageSchema":"1a1c01bbd47fc00a2c39e90264f33305004495a9","hash":"74504ada66b5e5942f7aa07d36d7d13009c143e1"}
,"C:\\Users\\arthu\\Desktop\\C150713_CAIXA\\src\\modules\\products\\screens\\CadastrarProdutos\\CadastrarProdutos.styles.ts": {"path":"C:\\Users\\arthu\\Desktop\\C150713_CAIXA\\src\\modules\\products\\screens\\CadastrarProdutos\\CadastrarProdutos.styles.ts","statementMap":{"0":{"start":{"line":4,"column":22},"end":{"line":18,"column":2}}},"fnMap":{},"branchMap":{},"s":{"0":1},"f":{},"b":{},"_coverageSchema":"1a1c01bbd47fc00a2c39e90264f33305004495a9","hash":"4bde11680649c26558138a7a20fe57003474c9d0"}
,"C:\\Users\\arthu\\Desktop\\C150713_CAIXA\\src\\modules\\products\\screens\\CadastrarProdutos\\CadastrarProdutos.tsx": {"path":"C:\\Users\\arthu\\Desktop\\C150713_CAIXA\\src\\modules\\products\\screens\\CadastrarProdutos\\CadastrarProdutos.tsx","statementMap":{"0":{"start":{"line":7,"column":36},"end":{"line":17,"column":1}},"1":{"start":{"line":8,"column":2},"end":{"line":16,"column":4}}},"fnMap":{"0":{"name":"(anonymous_0)","decl":{"start":{"line":7,"column":36},"end":{"line":7,"column":37}},"loc":{"start":{"line":7,"column":42},"end":{"line":17,"column":1}},"line":7}},"branchMap":{},"s":{"0":1,"1":4},"f":{"0":4},"b":{},"_coverageSchema":"1a1c01bbd47fc00a2c39e90264f33305004495a9","hash":"b80d802e1a3fe24ec13df649623bd43f0f59f79c"}
}
