TN:
SF:src\design-system\components\Button.tsx
FN:26,(anonymous_0)
FNF:1
FNH:1
FNDA:3,(anonymous_0)
DA:26,2
DA:38,3
DA:47,3
DA:55,3
DA:84,2
LF:5
LH:5
BRDA:29,0,0,3
BRDA:30,1,0,3
BRDA:31,2,0,3
BRDA:32,3,0,3
BRDA:34,4,0,3
BRDA:42,5,0,3
BRDA:42,5,1,0
BRDA:43,6,0,3
BRDA:43,6,1,0
BRDA:51,7,0,3
BRDA:51,7,1,0
BRDA:59,8,0,3
BRDA:59,8,1,3
BRDA:62,9,0,0
BRDA:62,9,1,3
BRDA:64,10,0,0
BRDA:64,10,1,0
BRDA:69,11,0,3
BRDA:69,11,1,0
BRDA:73,12,0,0
BRDA:73,12,1,0
BRF:21
BRH:12
end_of_record
TN:
SF:src\design-system\components\Card.tsx
FN:12,(anonymous_0)
FNF:1
FNH:0
FNDA:0,(anonymous_0)
DA:12,1
DA:18,0
DA:25,0
DA:32,1
LF:4
LH:2
BRDA:14,0,0,0
BRDA:15,1,0,0
BRF:2
BRH:0
end_of_record
TN:
SF:src\design-system\components\Skeleton.tsx
FN:14,(anonymous_0)
FN:28,(anonymous_1)
FN:29,(anonymous_2)
FN:44,(anonymous_3)
FNF:4
FNH:0
FNDA:0,(anonymous_0)
FNDA:0,(anonymous_1)
FNDA:0,(anonymous_2)
FNDA:0,(anonymous_3)
DA:14,1
DA:26,0
DA:28,0
DA:29,0
DA:30,0
DA:41,0
DA:44,0
DA:45,0
DA:47,0
DA:49,0
DA:52,0
DA:56,0
DA:61,0
LF:13
LH:1
BRDA:17,0,0,0
BRDA:19,1,0,0
BRDA:20,2,0,0
BRDA:45,3,0,0
BRDA:45,3,1,0
BRDA:45,3,2,0
BRDA:45,3,3,0
BRDA:58,4,0,0
BRDA:58,4,1,0
BRDA:58,5,0,0
BRDA:58,5,1,0
BRF:11
BRH:0
end_of_record
TN:
SF:src\design-system\components\Text.tsx
FN:14,(anonymous_0)
FNF:1
FNH:1
FNDA:3,(anonymous_0)
DA:14,1
DA:22,3
DA:24,3
DA:30,3
LF:4
LH:4
BRDA:16,0,0,0
BRDA:17,1,0,3
BRDA:18,2,0,3
BRDA:22,3,0,3
BRDA:22,3,1,0
BRF:5
BRH:3
end_of_record
TN:
SF:src\design-system\icons\Icon.tsx
FN:43,(anonymous_0)
FN:61,(anonymous_1)
FNF:2
FNH:0
FNDA:0,(anonymous_0)
FNDA:0,(anonymous_1)
DA:5,2
DA:26,2
DA:43,2
DA:49,0
DA:51,0
DA:61,2
LF:6
LH:4
BRDA:45,0,0,0
BRDA:46,1,0,0
BRDA:49,2,0,0
BRDA:49,2,1,0
BRF:4
BRH:0
end_of_record
TN:
SF:src\design-system\tokens\colors.ts
FNF:0
FNH:0
DA:1,2
LF:1
LH:1
BRF:0
BRH:0
end_of_record
TN:
SF:src\design-system\tokens\radius.ts
FNF:0
FNH:0
DA:1,2
DA:13,2
LF:2
LH:2
BRF:0
BRH:0
end_of_record
TN:
SF:src\design-system\tokens\shadows.ts
FNF:0
FNH:0
DA:1,2
LF:1
LH:1
BRF:0
BRH:0
end_of_record
TN:
SF:src\design-system\tokens\spacing.ts
FNF:0
FNH:0
DA:1,2
DA:22,2
DA:30,2
DA:38,2
LF:4
LH:4
BRF:0
BRH:0
end_of_record
TN:
SF:src\design-system\tokens\typography.ts
FNF:0
FNH:0
DA:3,2
DA:12,2
DA:25,2
DA:38,2
DA:58,2
LF:5
LH:5
BRF:0
BRH:0
end_of_record
TN:
SF:src\modules\home\screens\HomeScreen.tsx
FN:12,(anonymous_0)
FN:15,(anonymous_1)
FN:19,(anonymous_2)
FN:23,(anonymous_3)
FNF:4
FNH:0
FNDA:0,(anonymous_0)
FNDA:0,(anonymous_1)
FNDA:0,(anonymous_2)
FNDA:0,(anonymous_3)
DA:12,0
DA:13,0
DA:15,0
DA:16,0
DA:19,0
DA:20,0
DA:23,0
DA:24,0
DA:27,0
DA:91,0
LF:10
LH:0
BRF:0
BRH:0
end_of_record
TN:
SF:src\modules\products\screens\ProductList\ProductList.styles.ts
FNF:0
FNH:0
DA:4,0
LF:1
LH:0
BRF:0
BRH:0
end_of_record
TN:
SF:src\modules\products\screens\ProductList\ProductList.tsx
FN:7,(anonymous_0)
FNF:1
FNH:0
FNDA:0,(anonymous_0)
DA:7,0
DA:8,0
LF:2
LH:0
BRF:0
BRH:0
end_of_record
TN:
SF:src\modules\products\screens\ProductSimulator\ProductSimulator.styles.ts
FNF:0
FNH:0
DA:4,0
LF:1
LH:0
BRF:0
BRH:0
end_of_record
TN:
SF:src\modules\products\screens\ProductSimulator\ProductSimulator.tsx
FN:7,(anonymous_0)
FNF:1
FNH:0
FNDA:0,(anonymous_0)
DA:7,0
DA:8,0
LF:2
LH:0
BRF:0
BRH:0
end_of_record
TN:
SF:src\modules\products\screens\RegisterProducts\RegisterProducts.styles.ts
FNF:0
FNH:0
DA:4,1
LF:1
LH:1
BRF:0
BRH:0
end_of_record
TN:
SF:src\modules\products\screens\RegisterProducts\RegisterProducts.tsx
FN:7,(anonymous_0)
FNF:1
FNH:1
FNDA:3,(anonymous_0)
DA:7,1
DA:8,3
LF:2
LH:2
BRF:0
BRH:0
end_of_record
TN:
SF:src\navigation\AppStack.tsx
FN:19,(anonymous_0)
FNF:1
FNH:0
FNDA:0,(anonymous_0)
DA:17,0
DA:19,0
DA:20,0
LF:3
LH:0
BRF:0
BRH:0
end_of_record
TN:
SF:src\utils\test-utils.tsx
FN:6,(anonymous_0)
FN:13,(anonymous_1)
FNF:2
FNH:0
FNDA:0,(anonymous_0)
FNDA:0,(anonymous_1)
DA:6,0
DA:7,0
DA:13,0
DA:17,0
LF:4
LH:0
BRF:0
BRH:0
end_of_record
