TN:
SF:src\contexts\ProductsContext.tsx
FN:14,(anonymous_0)
FN:17,(anonymous_1)
FN:18,(anonymous_2)
FN:33,(anonymous_3)
FNF:4
FNH:2
FNDA:59,(anonymous_0)
FNDA:0,(anonymous_1)
FNDA:0,(anonymous_2)
FNDA:6,(anonymous_3)
DA:8,10
DA:14,10
DA:15,59
DA:17,59
DA:18,0
DA:21,59
DA:33,10
DA:34,6
DA:35,6
DA:36,0
DA:38,6
LF:11
LH:9
BRDA:35,0,0,0
BRDA:35,0,1,6
BRF:2
BRH:1
end_of_record
TN:
SF:src\design-system\components\Accordion\Accordion.tsx
FN:24,Accordion
FN:41,(anonymous_1)
FN:60,(anonymous_2)
FN:67,(anonymous_3)
FN:87,(anonymous_4)
FNF:5
FNH:5
FNDA:45,Accordion
FNDA:21,(anonymous_1)
FNDA:128,(anonymous_2)
FNDA:21,(anonymous_3)
FNDA:151,(anonymous_4)
DA:37,45
DA:41,45
DA:42,21
DA:44,21
DA:45,21
DA:47,21
DA:48,5
DA:50,16
DA:51,12
DA:53,16
DA:56,21
DA:57,21
DA:60,45
DA:61,128
DA:63,128
DA:67,21
DA:83,45
DA:87,151
DA:99,14
LF:19
LH:19
BRDA:29,0,0,38
BRDA:38,1,0,1
BRDA:38,1,1,44
BRDA:38,2,0,45
BRDA:38,2,1,3
BRDA:47,3,0,5
BRDA:47,3,1,16
BRDA:50,4,0,12
BRDA:50,4,1,4
BRDA:74,5,0,128
BRDA:74,5,1,20
BRF:11
BRH:11
end_of_record
TN:
SF:src\design-system\components\ActionCard\ActionCard.tsx
FN:15,(anonymous_0)
FNF:1
FNH:1
FNDA:33,(anonymous_0)
DA:15,14
DA:21,33
DA:43,14
LF:3
LH:3
BRF:0
BRH:0
end_of_record
TN:
SF:src\design-system\components\ArthurAvatar\ArthurAvatar.tsx
FN:10,(anonymous_0)
FNF:1
FNH:1
FNDA:13,(anonymous_0)
DA:10,14
DA:15,13
LF:2
LH:2
BRDA:11,0,0,3
BRF:1
BRH:1
end_of_record
TN:
SF:src\design-system\components\BottomSheet\BottomSheet.tsx
FN:24,(anonymous_0)
FN:36,(anonymous_1)
FN:39,(anonymous_2)
FN:44,(anonymous_3)
FN:57,(anonymous_4)
FN:65,(anonymous_5)
FN:80,(anonymous_6)
FN:92,(anonymous_7)
FNF:8
FNH:5
FNDA:18,(anonymous_0)
FNDA:0,(anonymous_1)
FNDA:0,(anonymous_2)
FNDA:0,(anonymous_3)
FNDA:14,(anonymous_4)
FNDA:11,(anonymous_5)
FNDA:4,(anonymous_6)
FNDA:4,(anonymous_7)
DA:22,14
DA:24,14
DA:31,18
DA:32,18
DA:34,18
DA:37,0
DA:40,0
DA:41,0
DA:45,0
DA:46,0
DA:48,0
DA:57,18
DA:58,14
DA:59,11
DA:61,3
DA:65,18
DA:66,11
DA:80,18
DA:81,4
DA:93,4
DA:97,18
DA:135,14
LF:22
LH:16
BRDA:28,0,0,9
BRDA:37,1,0,0
BRDA:37,1,1,0
BRDA:40,2,0,0
BRDA:40,2,1,0
BRDA:45,3,0,0
BRDA:45,3,1,0
BRDA:58,4,0,11
BRDA:58,4,1,3
BRDA:117,5,0,18
BRDA:117,5,1,10
BRF:11
BRH:5
end_of_record
TN:
SF:src\design-system\components\BottomSheetHeader\BottomSheetHeader.tsx
FN:15,(anonymous_0)
FNF:1
FNH:1
FNDA:13,(anonymous_0)
DA:15,14
DA:21,13
DA:56,14
LF:3
LH:3
BRDA:19,0,0,12
BRDA:24,1,0,13
BRDA:24,1,1,9
BRDA:36,2,0,13
BRDA:36,2,1,12
BRF:5
BRH:5
end_of_record
TN:
SF:src\design-system\components\Button\Button.tsx
FN:27,(anonymous_0)
FNF:1
FNH:1
FNDA:80,(anonymous_0)
DA:27,14
DA:40,80
DA:49,80
DA:57,80
DA:87,14
LF:5
LH:5
BRDA:30,0,0,50
BRDA:31,1,0,66
BRDA:32,2,0,25
BRDA:33,3,0,73
BRDA:35,4,0,66
BRDA:44,5,0,80
BRDA:44,5,1,14
BRDA:45,6,0,80
BRDA:45,6,1,39
BRDA:53,7,0,80
BRDA:53,7,1,39
BRDA:61,8,0,80
BRDA:61,8,1,41
BRDA:65,9,0,2
BRDA:65,9,1,78
BRDA:67,10,0,2
BRDA:67,10,1,0
BRDA:72,11,0,78
BRDA:72,11,1,0
BRDA:76,12,0,0
BRDA:76,12,1,0
BRF:21
BRH:17
end_of_record
TN:
SF:src\design-system\components\Card\Card.tsx
FN:12,(anonymous_0)
FNF:1
FNH:1
FNDA:7,(anonymous_0)
DA:12,14
DA:18,7
DA:25,7
DA:32,14
LF:4
LH:4
BRDA:14,0,0,4
BRDA:15,1,0,4
BRF:2
BRH:2
end_of_record
TN:
SF:src\design-system\components\Divider\Divider.tsx
FN:13,(anonymous_0)
FNF:1
FNH:1
FNDA:11,(anonymous_0)
DA:13,14
DA:19,11
DA:34,14
LF:3
LH:3
BRDA:15,0,0,10
BRDA:16,1,0,10
BRDA:17,2,0,2
BRF:3
BRH:3
end_of_record
TN:
SF:src\design-system\components\EmptyState\EmptyState.tsx
FN:14,(anonymous_0)
FNF:1
FNH:1
FNDA:2,(anonymous_0)
DA:14,14
DA:19,2
DA:45,14
LF:3
LH:3
BRDA:36,0,0,2
BRDA:36,0,1,1
BRF:2
BRH:2
end_of_record
TN:
SF:src\design-system\components\HeroHeader\HeroHeader.tsx
FN:15,(anonymous_0)
FNF:1
FNH:1
FNDA:20,(anonymous_0)
DA:15,14
DA:20,20
DA:69,14
LF:3
LH:3
BRDA:17,0,0,13
BRDA:60,1,0,20
BRDA:60,1,1,9
BRF:3
BRH:3
end_of_record
TN:
SF:src\design-system\components\InputField\InputField.tsx
FN:31,(anonymous_0)
FN:52,(anonymous_1)
FN:53,(anonymous_2)
FN:54,(anonymous_3)
FN:55,(anonymous_4)
FN:58,(anonymous_5)
FN:62,(anonymous_6)
FN:66,(anonymous_7)
FNF:8
FNH:6
FNDA:120,(anonymous_0)
FNDA:4,(anonymous_1)
FNDA:1,(anonymous_2)
FNDA:0,(anonymous_3)
FNDA:0,(anonymous_4)
FNDA:4,(anonymous_5)
FNDA:5,(anonymous_6)
FNDA:5,(anonymous_7)
DA:31,14
DA:48,120
DA:49,120
DA:50,120
DA:52,120
DA:53,1
DA:54,0
DA:55,0
DA:58,120
DA:59,4
DA:62,120
DA:63,5
DA:66,120
DA:67,5
DA:68,5
DA:71,120
DA:73,120
DA:134,14
LF:18
LH:16
BRDA:37,0,0,103
BRDA:38,1,0,77
BRDA:39,2,0,107
BRDA:43,3,0,118
BRDA:45,4,0,114
BRDA:78,5,0,120
BRDA:78,5,1,6
BRDA:79,6,0,120
BRDA:79,6,1,34
BRDA:80,7,0,120
BRDA:80,7,1,3
BRDA:98,8,0,120
BRDA:98,8,1,118
BRDA:100,9,0,120
BRDA:100,9,1,16
BRDA:105,10,0,13
BRDA:105,10,1,3
BRDA:110,11,0,13
BRDA:110,11,1,3
BRDA:118,12,0,120
BRDA:118,12,1,7
BRDA:122,13,0,7
BRDA:122,13,1,3
BRF:23
BRH:23
end_of_record
TN:
SF:src\design-system\components\Skeleton\Skeleton.tsx
FN:14,(anonymous_0)
FN:28,(anonymous_1)
FN:29,(anonymous_2)
FN:44,(anonymous_3)
FNF:4
FNH:4
FNDA:14,(anonymous_0)
FNDA:14,(anonymous_1)
FNDA:14,(anonymous_2)
FNDA:14,(anonymous_3)
DA:14,14
DA:26,14
DA:28,14
DA:29,14
DA:30,14
DA:41,14
DA:44,14
DA:45,14
DA:47,1
DA:49,1
DA:52,12
DA:56,14
DA:61,14
LF:13
LH:13
BRDA:17,0,0,11
BRDA:19,1,0,14
BRDA:20,2,0,14
BRDA:45,3,0,1
BRDA:45,3,1,1
BRDA:45,3,2,12
BRDA:45,3,3,12
BRDA:58,4,0,5
BRDA:58,4,1,9
BRDA:58,5,0,5
BRDA:58,5,1,9
BRF:11
BRH:11
end_of_record
TN:
SF:src\design-system\components\Text\Text.tsx
FN:14,(anonymous_0)
FNF:1
FNH:1
FNDA:1744,(anonymous_0)
DA:14,17
DA:22,1744
DA:24,1744
DA:30,1744
LF:4
LH:4
BRDA:16,0,0,1690
BRDA:17,1,0,1725
BRDA:18,2,0,1742
BRDA:22,3,0,1744
BRDA:22,3,1,2
BRF:5
BRH:5
end_of_record
TN:
SF:src\design-system\icons\Icon.tsx
FN:54,(anonymous_0)
FN:72,(anonymous_1)
FNF:2
FNH:2
FNDA:108,(anonymous_0)
FNDA:3,(anonymous_1)
DA:5,21
DA:37,21
DA:54,21
DA:60,108
DA:62,108
DA:72,21
LF:6
LH:6
BRDA:56,0,0,27
BRDA:57,1,0,32
BRDA:60,2,0,76
BRDA:60,2,1,32
BRF:4
BRH:4
end_of_record
TN:
SF:src\design-system\tokens\colors.ts
FNF:0
FNH:0
DA:1,33
LF:1
LH:1
BRF:0
BRH:0
end_of_record
TN:
SF:src\design-system\tokens\elevation.ts
FNF:0
FNH:0
DA:1,32
DA:39,32
LF:2
LH:2
BRF:0
BRH:0
end_of_record
TN:
SF:src\design-system\tokens\radius.ts
FNF:0
FNH:0
DA:1,32
DA:13,32
LF:2
LH:2
BRF:0
BRH:0
end_of_record
TN:
SF:src\design-system\tokens\shadows.ts
FNF:0
FNH:0
DA:1,32
LF:1
LH:1
BRF:0
BRH:0
end_of_record
TN:
SF:src\design-system\tokens\spacing.ts
FNF:0
FNH:0
DA:1,33
DA:22,33
DA:30,33
DA:38,33
LF:4
LH:4
BRF:0
BRH:0
end_of_record
TN:
SF:src\design-system\tokens\typography.ts
FNF:0
FNH:0
DA:3,33
DA:12,33
DA:25,33
DA:38,33
DA:53,33
LF:5
LH:5
BRF:0
BRH:0
end_of_record
TN:
SF:src\modules\home\components\IdentityHeader\IdentityHeader.tsx
FN:9,(anonymous_0)
FNF:1
FNH:1
FNDA:5,(anonymous_0)
DA:9,1
DA:13,5
DA:22,1
LF:3
LH:3
BRDA:10,0,0,3
BRDA:11,1,0,3
BRF:2
BRH:2
end_of_record
TN:
SF:src\modules\home\components\LoginBottomSheet\LoginBottomSheet.tsx
FN:27,(anonymous_0)
FN:37,(anonymous_1)
FN:46,(anonymous_2)
FN:55,(anonymous_3)
FNF:4
FNH:3
FNDA:8,(anonymous_0)
FNDA:4,(anonymous_1)
FNDA:1,(anonymous_2)
FNDA:0,(anonymous_3)
DA:27,1
DA:32,8
DA:33,8
DA:34,8
DA:37,8
DA:38,4
DA:39,0
DA:40,0
DA:44,8
DA:46,8
DA:47,1
DA:48,1
DA:49,1
DA:52,0
DA:55,0
DA:56,0
DA:62,8
DA:128,1
LF:18
LH:13
BRDA:38,0,0,0
BRDA:38,0,1,4
BRDA:44,1,0,8
BRDA:44,1,1,4
BRDA:47,2,0,1
BRDA:47,2,1,0
BRDA:48,3,0,1
BRDA:48,3,1,0
BRDA:66,4,0,8
BRDA:66,4,1,0
BRDA:71,5,0,8
BRDA:71,5,1,0
BRDA:72,6,0,8
BRDA:72,6,1,0
BRDA:116,7,0,6
BRDA:116,7,1,2
BRF:16
BRH:10
end_of_record
TN:
SF:src\modules\home\screens\HomeScreen.tsx
FN:14,(anonymous_0)
FN:19,(anonymous_1)
FN:20,(anonymous_2)
FN:24,(anonymous_3)
FN:27,(anonymous_4)
FN:31,(anonymous_5)
FN:35,(anonymous_6)
FN:38,(anonymous_7)
FNF:8
FNH:8
FNDA:32,(anonymous_0)
FNDA:12,(anonymous_1)
FNDA:11,(anonymous_2)
FNDA:12,(anonymous_3)
FNDA:2,(anonymous_4)
FNDA:6,(anonymous_5)
FNDA:1,(anonymous_6)
FNDA:1,(anonymous_7)
DA:14,1
DA:15,32
DA:16,32
DA:19,32
DA:20,12
DA:21,11
DA:24,12
DA:27,32
DA:28,2
DA:31,32
DA:32,6
DA:35,32
DA:36,1
DA:38,1
DA:39,1
DA:43,32
DA:102,1
LF:17
LH:17
BRF:0
BRH:0
end_of_record
TN:
SF:src\modules\products\components\LoanSchedulePanel\LoanSchedulePanel.tsx
FN:7,(anonymous_0)
FN:16,(anonymous_1)
FN:34,(anonymous_2)
FN:66,(anonymous_3)
FNF:4
FNH:4
FNDA:19,(anonymous_0)
FNDA:48,(anonymous_1)
FNDA:48,(anonymous_2)
FNDA:19,(anonymous_3)
DA:7,1
DA:16,19
DA:17,48
DA:34,19
DA:35,48
DA:66,19
DA:67,19
DA:97,19
DA:110,1
LF:9
LH:9
BRDA:9,0,0,18
BRDA:13,1,0,17
BRDA:69,2,0,19
BRDA:69,2,1,1
BRDA:72,3,0,19
BRDA:72,3,1,1
BRDA:72,3,2,1
BRDA:102,4,0,19
BRDA:102,4,1,1
BRDA:103,5,0,19
BRDA:103,5,1,2
BRF:11
BRH:11
end_of_record
TN:
SF:src\modules\products\components\LoanSchedulePanel\types.ts
FNF:0
FNH:0
LF:0
LH:0
BRF:0
BRH:0
end_of_record
TN:
SF:src\modules\products\components\LoanSchedulePanel\utils.ts
FN:1,(anonymous_0)
FN:8,(anonymous_1)
FN:16,(anonymous_2)
FNF:3
FNH:3
FNDA:6,(anonymous_0)
FNDA:5,(anonymous_1)
FNDA:5,(anonymous_2)
DA:1,1
DA:2,6
DA:8,1
DA:9,5
DA:16,1
DA:17,5
LF:6
LH:6
BRF:0
BRH:0
end_of_record
TN:
SF:src\modules\products\components\ProductManagementList\ProductManagementList.tsx
FN:15,(anonymous_0)
FN:20,(anonymous_1)
FN:70,(anonymous_2)
FN:108,(anonymous_3)
FNF:4
FNH:4
FNDA:23,(anonymous_0)
FNDA:34,(anonymous_1)
FNDA:2,(anonymous_2)
FNDA:52,(anonymous_3)
DA:15,1
DA:20,23
DA:21,34
DA:70,2
DA:94,23
DA:95,3
DA:104,20
DA:108,52
LF:8
LH:8
BRDA:58,0,0,24
BRDA:58,0,1,10
BRDA:65,1,0,24
BRDA:65,1,1,10
BRDA:73,2,0,24
BRDA:73,2,1,10
BRDA:81,3,0,6
BRDA:81,3,1,28
BRDA:85,4,0,20
BRDA:85,4,1,8
BRDA:94,5,0,3
BRDA:94,5,1,20
BRF:12
BRH:12
end_of_record
TN:
SF:src\modules\products\hooks\useCreateProduct.ts
FN:14,(anonymous_0)
FN:19,(anonymous_1)
FN:23,(anonymous_2)
FNF:3
FNH:3
FNDA:6,(anonymous_0)
FNDA:1,(anonymous_1)
FNDA:2,(anonymous_2)
DA:14,6
DA:15,6
DA:16,6
DA:17,6
DA:19,6
DA:20,1
DA:23,6
DA:24,2
DA:25,2
DA:26,2
DA:29,2
DA:33,1
DA:40,1
DA:42,1
DA:48,1
DA:50,1
DA:53,1
DA:59,1
DA:64,2
DA:68,6
LF:20
LH:20
BRDA:48,0,0,1
BRDA:48,0,1,0
BRF:2
BRH:1
end_of_record
TN:
SF:src\modules\products\hooks\useDeleteProduct.ts
FN:5,useDeleteProduct
FN:8,(anonymous_1)
FNF:2
FNH:2
FNDA:3,useDeleteProduct
FNDA:2,(anonymous_1)
DA:6,3
DA:8,3
DA:9,2
DA:10,1
DA:13,3
LF:5
LH:5
BRF:0
BRH:0
end_of_record
TN:
SF:src\modules\products\hooks\useProductManagement.ts
FN:7,(anonymous_0)
FN:12,(anonymous_1)
FN:16,(anonymous_2)
FNF:3
FNH:3
FNDA:11,(anonymous_0)
FNDA:3,(anonymous_1)
FNDA:4,(anonymous_2)
DA:7,6
DA:8,11
DA:9,11
DA:10,11
DA:12,11
DA:13,3
DA:15,3
DA:16,4
DA:17,3
DA:18,1
DA:19,1
DA:22,2
DA:25,1
DA:26,1
DA:28,1
DA:33,1
DA:35,3
DA:39,11
LF:18
LH:18
BRDA:17,0,0,1
BRDA:17,0,1,2
BRDA:30,1,0,0
BRDA:30,1,1,1
BRF:4
BRH:3
end_of_record
TN:
SF:src\modules\products\hooks\useProducts.ts
FN:14,(anonymous_0)
FN:20,(anonymous_1)
FN:36,(anonymous_2)
FN:42,(anonymous_3)
FN:46,(anonymous_4)
FNF:5
FNH:5
FNDA:27,(anonymous_0)
FNDA:15,(anonymous_1)
FNDA:2,(anonymous_2)
FNDA:1,(anonymous_3)
FNDA:12,(anonymous_4)
DA:14,6
DA:15,27
DA:16,27
DA:17,27
DA:18,27
DA:20,27
DA:21,15
DA:22,15
DA:24,15
DA:25,12
DA:28,3
DA:29,3
DA:31,15
DA:36,27
DA:37,2
DA:38,2
DA:42,27
DA:43,1
DA:46,27
DA:47,12
DA:50,27
LF:21
LH:21
BRDA:28,0,0,2
BRDA:28,0,1,1
BRF:2
BRH:2
end_of_record
TN:
SF:src\modules\products\screens\CreateProduct\CreateProduct.styles.ts
FNF:0
FNH:0
DA:4,4
LF:1
LH:1
BRF:0
BRH:0
end_of_record
TN:
SF:src\modules\products\screens\CreateProduct\CreateProduct.tsx
FN:9,(anonymous_0)
FNF:1
FNH:1
FNDA:4,(anonymous_0)
DA:9,1
DA:19,4
DA:21,4
LF:3
LH:3
BRF:0
BRH:0
end_of_record
TN:
SF:src\modules\products\screens\CreateProduct\components\CreateProductFooter.tsx
FN:13,(anonymous_0)
FNF:1
FNH:1
FNDA:7,(anonymous_0)
DA:13,1
DA:18,7
LF:2
LH:2
BRDA:23,0,0,7
BRDA:23,0,1,3
BRDA:25,1,0,3
BRDA:25,1,1,4
BRF:4
BRH:4
end_of_record
TN:
SF:src\modules\products\screens\CreateProduct\components\CreateProductHeader.tsx
FN:10,(anonymous_0)
FN:13,(anonymous_1)
FNF:2
FNH:2
FNDA:3,(anonymous_0)
FNDA:1,(anonymous_1)
DA:10,1
DA:11,3
DA:13,3
DA:14,1
DA:17,3
LF:5
LH:5
BRF:0
BRH:0
end_of_record
TN:
SF:src\modules\products\screens\CreateProduct\components\CreateProductForm\CreateProductForm.styles.ts
FNF:0
FNH:0
DA:3,2
LF:1
LH:1
BRF:0
BRH:0
end_of_record
TN:
SF:src\modules\products\screens\CreateProduct\components\CreateProductForm\CreateProductForm.tsx
FN:17,(anonymous_0)
FN:28,(anonymous_1)
FN:36,(anonymous_2)
FN:44,(anonymous_3)
FNF:4
FNH:1
FNDA:10,(anonymous_0)
FNDA:0,(anonymous_1)
FNDA:0,(anonymous_2)
FNDA:0,(anonymous_3)
DA:17,1
DA:23,10
DA:28,0
DA:36,0
DA:44,0
LF:5
LH:2
BRDA:43,0,0,10
BRDA:43,0,1,10
BRDA:52,1,0,10
BRDA:52,1,1,10
BRDA:52,1,2,0
BRDA:52,1,3,0
BRDA:59,2,0,0
BRDA:59,2,1,0
BRF:8
BRH:4
end_of_record
TN:
SF:src\modules\products\screens\CreateProduct\components\CreateProductForm\components\AutoFilledSummary\AutoFilledSummary.tsx
FN:11,(anonymous_0)
FN:79,(anonymous_1)
FNF:2
FNH:1
FNDA:10,(anonymous_0)
FNDA:0,(anonymous_1)
DA:11,1
DA:15,10
DA:18,0
DA:19,0
DA:23,0
DA:24,0
DA:27,0
DA:80,0
LF:8
LH:2
BRDA:15,0,0,10
BRDA:15,0,1,0
BRDA:15,1,0,10
BRDA:15,1,1,10
BRDA:15,1,2,0
BRDA:18,2,0,0
BRDA:18,2,1,0
BRDA:18,3,0,0
BRDA:18,3,1,0
BRDA:18,3,2,0
BRDA:23,4,0,0
BRDA:23,4,1,0
BRDA:37,5,0,0
BRDA:37,5,1,0
BRDA:37,6,0,0
BRDA:37,6,1,0
BRDA:44,7,0,0
BRDA:44,7,1,0
BRDA:56,8,0,0
BRDA:56,8,1,0
BRDA:56,9,0,0
BRDA:56,9,1,0
BRDA:63,10,0,0
BRDA:63,10,1,0
BRDA:63,11,0,0
BRDA:63,11,1,0
BRDA:70,12,0,0
BRDA:70,12,1,0
BRDA:70,13,0,0
BRDA:70,13,1,0
BRDA:76,14,0,0
BRDA:76,14,1,0
BRDA:76,14,2,0
BRDA:80,15,0,0
BRDA:80,15,1,0
BRF:35
BRH:3
end_of_record
TN:
SF:src\modules\products\screens\CreateProduct\components\CreateProductForm\components\CategorySelector\CategorySelector.tsx
FN:13,(anonymous_0)
FN:33,(anonymous_1)
FN:41,(anonymous_2)
FNF:3
FNH:2
FNDA:10,(anonymous_0)
FNDA:40,(anonymous_1)
FNDA:0,(anonymous_2)
DA:13,1
DA:18,10
DA:25,10
DA:34,40
DA:41,0
LF:5
LH:4
BRDA:38,0,0,40
BRDA:38,0,1,10
BRDA:39,1,0,40
BRDA:39,1,1,10
BRDA:41,2,0,0
BRDA:41,2,1,0
BRDA:45,3,0,40
BRDA:45,3,1,10
BRDA:50,4,0,10
BRDA:50,4,1,30
BRDA:55,5,0,0
BRDA:55,5,1,40
BRDA:55,6,0,40
BRDA:55,6,1,10
BRDA:56,7,0,10
BRDA:56,7,1,30
BRDA:56,8,0,40
BRDA:56,8,1,10
BRDA:58,9,0,10
BRDA:58,9,1,30
BRF:20
BRH:17
end_of_record
TN:
SF:src\modules\products\screens\CreateProduct\components\CreateProductForm\components\ConvenioSelector\ConvenioSelector.tsx
FN:19,(anonymous_0)
FN:53,(anonymous_1)
FN:65,(anonymous_2)
FNF:3
FNH:1
FNDA:10,(anonymous_0)
FNDA:0,(anonymous_1)
FNDA:0,(anonymous_2)
DA:19,1
DA:25,10
DA:27,0
DA:45,0
DA:54,0
DA:55,0
DA:57,0
DA:66,0
DA:67,0
LF:9
LH:2
BRDA:25,0,0,10
BRDA:25,0,1,0
BRDA:62,1,0,0
BRDA:62,1,1,0
BRDA:63,2,0,0
BRDA:63,2,1,0
BRDA:66,3,0,0
BRDA:66,3,1,0
BRDA:73,4,0,0
BRDA:73,4,1,0
BRDA:73,4,2,0
BRDA:78,5,0,0
BRDA:78,5,1,0
BRDA:80,6,0,0
BRDA:80,6,1,0
BRDA:82,7,0,0
BRDA:82,7,1,0
BRF:17
BRH:1
end_of_record
TN:
SF:src\modules\products\screens\CreateProduct\components\CreateProductForm\components\OutroProductFields\OutroProductFields.tsx
FN:12,(anonymous_0)
FN:31,(anonymous_1)
FN:41,(anonymous_2)
FN:52,(anonymous_3)
FN:76,(anonymous_4)
FN:121,(anonymous_5)
FNF:6
FNH:5
FNDA:10,(anonymous_0)
FNDA:1,(anonymous_1)
FNDA:0,(anonymous_2)
FNDA:1,(anonymous_3)
FNDA:1,(anonymous_4)
FNDA:1,(anonymous_5)
DA:12,1
DA:16,10
DA:18,10
DA:31,1
DA:41,0
DA:53,1
DA:55,0
DA:58,1
DA:59,1
DA:60,1
DA:61,1
DA:77,1
DA:79,0
DA:82,1
DA:83,1
DA:84,1
DA:85,1
DA:123,1
DA:126,1
DA:127,1
DA:131,1
LF:21
LH:18
BRDA:16,0,0,0
BRDA:16,0,1,10
BRDA:30,1,0,10
BRDA:30,1,1,0
BRDA:40,2,0,10
BRDA:40,2,1,10
BRDA:51,3,0,10
BRDA:51,3,1,9
BRDA:53,4,0,0
BRDA:53,4,1,1
BRDA:59,5,0,1
BRDA:59,5,1,0
BRDA:75,6,0,10
BRDA:75,6,1,9
BRDA:77,7,0,0
BRDA:77,7,1,1
BRDA:83,8,0,1
BRDA:83,8,1,0
BRDA:98,9,0,0
BRDA:98,9,1,10
BRDA:98,10,0,10
BRDA:98,10,1,10
BRDA:98,10,2,1
BRDA:106,11,0,0
BRDA:106,11,1,10
BRDA:106,12,0,10
BRDA:106,12,1,1
BRDA:106,12,2,1
BRDA:120,13,0,10
BRDA:120,13,1,0
BRDA:127,14,0,0
BRDA:127,14,1,1
BRDA:145,15,0,10
BRDA:145,15,1,0
BRF:34
BRH:23
end_of_record
TN:
SF:src\modules\products\screens\CreateProduct\components\CreateProductForm\components\SubtypeSelector\SubtypeSelector.tsx
FN:13,(anonymous_0)
FN:25,(anonymous_1)
FN:48,(anonymous_2)
FN:61,(anonymous_3)
FNF:4
FNH:1
FNDA:10,(anonymous_0)
FNDA:0,(anonymous_1)
FNDA:0,(anonymous_2)
FNDA:0,(anonymous_3)
DA:13,1
DA:19,10
DA:22,0
DA:25,0
DA:26,0
DA:29,0
DA:40,0
DA:49,0
DA:50,0
DA:51,0
DA:53,0
DA:61,0
LF:12
LH:2
BRDA:19,0,0,10
BRDA:19,0,1,0
BRDA:34,1,0,0
BRDA:34,1,1,0
BRDA:50,2,0,0
BRDA:50,2,1,0
BRDA:51,3,0,0
BRDA:51,3,1,0
BRDA:58,4,0,0
BRDA:58,4,1,0
BRDA:59,5,0,0
BRDA:59,5,1,0
BRDA:61,6,0,0
BRDA:61,6,1,0
BRDA:65,7,0,0
BRDA:65,7,1,0
BRDA:70,8,0,0
BRDA:70,8,1,0
BRDA:75,9,0,0
BRDA:75,9,1,0
BRDA:76,10,0,0
BRDA:76,10,1,0
BRDA:76,11,0,0
BRDA:76,11,1,0
BRDA:78,12,0,0
BRDA:78,12,1,0
BRF:26
BRH:1
end_of_record
TN:
SF:src\modules\products\screens\CreateProduct\hooks\useCreateProductFormSimple.ts
FNF:0
FNH:0
LF:0
LH:0
BRF:0
BRH:0
end_of_record
TN:
SF:src\modules\products\screens\CreateProduct\hooks\useCreateProductFormSimple\types.ts
FNF:0
FNH:0
DA:23,1
DA:30,1
LF:2
LH:2
BRF:0
BRH:0
end_of_record
TN:
SF:src\modules\products\screens\CreateProduct\hooks\useCreateProductFormSimple\useCreateProductFormSimple.ts
FN:18,(anonymous_0)
FN:30,(anonymous_1)
FN:34,(anonymous_2)
FN:38,(anonymous_3)
FN:43,(anonymous_4)
FN:55,(anonymous_5)
FN:60,(anonymous_6)
FN:64,(anonymous_7)
FNF:8
FNH:0
FNDA:0,(anonymous_0)
FNDA:0,(anonymous_1)
FNDA:0,(anonymous_2)
FNDA:0,(anonymous_3)
FNDA:0,(anonymous_4)
FNDA:0,(anonymous_5)
FNDA:0,(anonymous_6)
FNDA:0,(anonymous_7)
DA:18,0
DA:19,0
DA:20,0
DA:22,0
DA:25,0
DA:26,0
DA:27,0
DA:30,0
DA:31,0
DA:34,0
DA:35,0
DA:38,0
DA:39,0
DA:43,0
DA:44,0
DA:55,0
DA:56,0
DA:60,0
DA:61,0
DA:64,0
DA:65,0
DA:69,0
DA:71,0
LF:23
LH:0
BRF:0
BRH:0
end_of_record
TN:
SF:src\modules\products\screens\CreateProduct\hooks\useCreateProductFormSimple\hooks\useDataLoading.ts
FN:10,(anonymous_0)
FN:14,(anonymous_1)
FN:22,(anonymous_2)
FN:43,(anonymous_3)
FN:50,(anonymous_4)
FN:69,(anonymous_5)
FN:76,(anonymous_6)
FNF:7
FNH:7
FNDA:16,(anonymous_0)
FNDA:5,(anonymous_1)
FNDA:2,(anonymous_2)
FNDA:5,(anonymous_3)
FNDA:2,(anonymous_4)
FNDA:6,(anonymous_5)
FNDA:3,(anonymous_6)
DA:10,1
DA:11,16
DA:14,16
DA:18,5
DA:19,5
DA:21,4
DA:22,2
DA:43,16
DA:46,5
DA:47,5
DA:49,4
DA:50,2
DA:69,16
DA:72,6
DA:73,6
DA:75,5
DA:76,3
DA:101,16
LF:18
LH:18
BRDA:21,0,0,2
BRDA:21,0,1,2
BRDA:33,1,0,2
BRDA:33,1,1,1
BRDA:49,2,0,2
BRDA:49,2,1,2
BRDA:59,3,0,2
BRDA:59,3,1,1
BRDA:75,4,0,3
BRDA:75,4,1,2
BRDA:92,5,0,3
BRDA:92,5,1,2
BRF:12
BRH:12
end_of_record
TN:
SF:src\modules\products\screens\CreateProduct\hooks\useCreateProductFormSimple\hooks\useFormSubmission.ts
FN:10,(anonymous_0)
FN:14,(anonymous_1)
FNF:2
FNH:2
FNDA:14,(anonymous_0)
FNDA:11,(anonymous_1)
DA:10,1
DA:11,14
DA:12,14
DA:14,14
DA:15,11
DA:16,11
DA:18,11
DA:19,3
DA:20,8
DA:22,6
DA:24,2
DA:27,11
DA:40,11
DA:41,4
DA:44,11
DA:45,10
DA:51,14
LF:17
LH:17
BRDA:18,0,0,3
BRDA:18,0,1,8
BRDA:20,1,0,6
BRDA:20,1,1,2
BRDA:22,2,0,6
BRDA:22,2,1,2
BRDA:22,3,0,2
BRDA:22,3,1,1
BRDA:24,4,0,1
BRDA:24,4,1,1
BRDA:29,5,0,3
BRDA:29,5,1,8
BRDA:30,6,0,6
BRDA:30,6,1,2
BRDA:30,7,0,6
BRDA:30,7,1,2
BRDA:31,8,0,2
BRDA:31,8,1,0
BRDA:32,9,0,6
BRDA:32,9,1,5
BRDA:32,10,0,6
BRDA:32,10,1,0
BRDA:32,11,0,5
BRDA:32,11,1,3
BRDA:33,12,0,11
BRDA:33,12,1,7
BRDA:35,13,0,3
BRDA:35,13,1,8
BRDA:35,14,0,6
BRDA:35,14,1,2
BRDA:40,15,0,4
BRDA:40,15,1,7
BRDA:40,16,0,11
BRDA:40,16,1,6
BRDA:40,16,2,4
BRF:35
BRH:33
end_of_record
TN:
SF:src\modules\products\screens\CreateProduct\hooks\useCreateProductFormSimple\hooks\useFormUpdate.ts
FN:14,(anonymous_0)
FN:15,(anonymous_1)
FN:23,(anonymous_2)
FNF:3
FNH:0
FNDA:0,(anonymous_0)
FNDA:0,(anonymous_1)
FNDA:0,(anonymous_2)
DA:14,0
DA:15,0
DA:23,0
DA:24,0
DA:27,0
DA:28,0
DA:32,0
DA:33,0
DA:34,0
DA:38,0
DA:39,0
DA:40,0
DA:43,0
DA:47,0
DA:48,0
DA:52,0
DA:53,0
DA:57,0
DA:58,0
DA:62,0
DA:63,0
DA:67,0
LF:22
LH:0
BRDA:27,0,0,0
BRDA:27,0,1,0
BRDA:27,1,0,0
BRDA:27,1,1,0
BRDA:32,2,0,0
BRDA:32,2,1,0
BRDA:32,3,0,0
BRDA:32,3,1,0
BRDA:38,4,0,0
BRDA:38,4,1,0
BRDA:38,5,0,0
BRDA:38,5,1,0
BRDA:47,6,0,0
BRDA:47,6,1,0
BRDA:47,7,0,0
BRDA:47,7,1,0
BRDA:52,8,0,0
BRDA:52,8,1,0
BRDA:52,9,0,0
BRDA:52,9,1,0
BRDA:57,10,0,0
BRDA:57,10,1,0
BRDA:57,11,0,0
BRDA:57,11,1,0
BRDA:62,12,0,0
BRDA:62,12,1,0
BRDA:62,13,0,0
BRDA:62,13,1,0
BRF:28
BRH:0
end_of_record
TN:
SF:src\modules\products\screens\CreateProduct\hooks\useCreateProductFormSimple\utils\formValidation.ts
FN:3,(anonymous_0)
FNF:1
FNH:1
FNDA:8,(anonymous_0)
DA:3,1
DA:5,8
DA:8,7
DA:10,1
DA:13,6
DA:15,3
DA:18,3
DA:20,2
DA:23,3
DA:25,3
DA:28,2
DA:31,2
DA:32,2
DA:35,2
DA:38,1
DA:41,1
DA:43,1
DA:46,0
LF:18
LH:17
BRDA:5,0,0,1
BRDA:5,0,1,7
BRDA:8,1,0,1
BRDA:8,1,1,6
BRDA:13,2,0,3
BRDA:13,2,1,3
BRDA:15,3,0,0
BRDA:15,3,1,3
BRDA:18,4,0,1
BRDA:18,4,1,2
BRDA:18,5,0,3
BRDA:18,5,1,2
BRDA:23,6,0,3
BRDA:23,6,1,0
BRDA:25,7,0,1
BRDA:25,7,1,2
BRDA:25,8,0,3
BRDA:25,8,1,2
BRDA:28,9,0,0
BRDA:28,9,1,2
BRDA:28,10,0,2
BRDA:28,10,1,2
BRDA:31,11,0,0
BRDA:31,11,1,2
BRDA:31,12,0,2
BRDA:31,12,1,2
BRDA:32,13,0,0
BRDA:32,13,1,2
BRDA:32,14,0,2
BRDA:32,14,1,2
BRDA:35,15,0,1
BRDA:35,15,1,1
BRDA:38,16,0,0
BRDA:38,16,1,1
BRDA:41,17,0,0
BRDA:41,17,1,1
BRF:36
BRH:29
end_of_record
TN:
SF:src\modules\products\screens\CreateProduct\hooks\useCreateProductFormSimple\utils\productValidation.ts
FN:4,(anonymous_0)
FN:5,(anonymous_1)
FN:12,(anonymous_2)
FN:16,(anonymous_3)
FN:17,(anonymous_4)
FNF:5
FNH:5
FNDA:17,(anonymous_0)
FNDA:28,(anonymous_1)
FNDA:41,(anonymous_2)
FNDA:9,(anonymous_3)
FNDA:10,(anonymous_4)
DA:4,1
DA:5,17
DA:7,28
DA:8,28
DA:11,28
DA:12,41
DA:16,1
DA:17,9
DA:18,10
DA:19,10
LF:10
LH:10
BRDA:11,0,0,28
BRDA:11,0,1,7
BRDA:19,1,0,10
BRDA:19,1,1,7
BRF:4
BRH:4
end_of_record
TN:
SF:src\modules\products\screens\CreateProduct\validations\fieldValidations.ts
FN:3,(anonymous_0)
FN:21,(anonymous_1)
FN:45,(anonymous_2)
FN:67,(anonymous_3)
FN:85,(anonymous_4)
FN:97,(anonymous_5)
FNF:6
FNH:4
FNDA:5,(anonymous_0)
FNDA:8,(anonymous_1)
FNDA:6,(anonymous_2)
FNDA:5,(anonymous_3)
FNDA:0,(anonymous_4)
FNDA:0,(anonymous_5)
DA:3,1
DA:4,5
DA:6,5
DA:7,2
DA:10,3
DA:11,1
DA:14,2
DA:15,1
DA:18,1
DA:21,1
DA:22,8
DA:23,1
DA:26,7
DA:28,7
DA:29,1
DA:32,6
DA:33,2
DA:37,4
DA:38,4
DA:39,1
DA:42,3
DA:45,1
DA:46,6
DA:47,1
DA:50,5
DA:52,5
DA:53,2
DA:56,3
DA:57,1
DA:60,2
DA:61,1
DA:64,1
DA:67,1
DA:68,5
DA:70,5
DA:71,2
DA:74,3
DA:75,1
DA:78,2
DA:79,1
DA:82,1
DA:85,1
DA:86,0
DA:87,0
DA:90,0
DA:91,0
DA:94,0
DA:97,1
DA:98,0
DA:99,0
DA:102,0
DA:103,0
DA:106,0
LF:53
LH:43
BRDA:6,0,0,2
BRDA:6,0,1,3
BRDA:10,1,0,1
BRDA:10,1,1,2
BRDA:14,2,0,1
BRDA:14,2,1,1
BRDA:22,3,0,1
BRDA:22,3,1,7
BRDA:28,4,0,1
BRDA:28,4,1,6
BRDA:32,5,0,2
BRDA:32,5,1,4
BRDA:32,6,0,6
BRDA:32,6,1,5
BRDA:38,7,0,1
BRDA:38,7,1,3
BRDA:38,8,0,4
BRDA:38,8,1,4
BRDA:46,9,0,1
BRDA:46,9,1,5
BRDA:52,10,0,2
BRDA:52,10,1,3
BRDA:52,11,0,5
BRDA:52,11,1,4
BRDA:56,12,0,1
BRDA:56,12,1,2
BRDA:60,13,0,1
BRDA:60,13,1,1
BRDA:70,14,0,2
BRDA:70,14,1,3
BRDA:74,15,0,1
BRDA:74,15,1,2
BRDA:78,16,0,1
BRDA:78,16,1,1
BRDA:86,17,0,0
BRDA:86,17,1,0
BRDA:86,18,0,0
BRDA:86,18,1,0
BRDA:90,19,0,0
BRDA:90,19,1,0
BRDA:98,20,0,0
BRDA:98,20,1,0
BRDA:98,21,0,0
BRDA:98,21,1,0
BRDA:102,22,0,0
BRDA:102,22,1,0
BRF:46
BRH:34
end_of_record
TN:
SF:src\modules\products\screens\EnhancedCreateProduct\EnhancedCreateProduct.styles.ts
FNF:0
FNH:0
DA:3,1
LF:1
LH:1
BRF:0
BRH:0
end_of_record
TN:
SF:src\modules\products\screens\EnhancedCreateProduct\EnhancedCreateProduct.tsx
FN:20,(anonymous_0)
FN:32,(anonymous_1)
FN:36,(anonymous_2)
FN:37,(anonymous_3)
FNF:4
FNH:4
FNDA:20,(anonymous_0)
FNDA:1,(anonymous_1)
FNDA:1,(anonymous_2)
FNDA:1,(anonymous_3)
DA:20,1
DA:21,20
DA:30,20
DA:32,20
DA:33,1
DA:36,20
DA:37,1
DA:40,20
DA:42,20
LF:9
LH:9
BRDA:40,0,0,20
BRDA:40,0,1,10
BRF:2
BRH:2
end_of_record
TN:
SF:src\modules\products\screens\EnhancedCreateProduct\components\BasicInfoFields\BasicInfoFields.tsx
FN:13,(anonymous_0)
FN:27,(anonymous_1)
FN:35,(anonymous_2)
FNF:3
FNH:0
FNDA:0,(anonymous_0)
FNDA:0,(anonymous_1)
FNDA:0,(anonymous_2)
DA:13,0
DA:18,0
DA:20,0
DA:27,0
DA:35,0
LF:5
LH:0
BRDA:18,0,0,0
BRDA:18,0,1,0
BRDA:34,1,0,0
BRDA:34,1,1,0
BRF:4
BRH:0
end_of_record
TN:
SF:src\modules\products\screens\EnhancedCreateProduct\components\CategorySelector\CategorySelector.tsx
FN:12,(anonymous_0)
FN:29,(anonymous_1)
FN:36,(anonymous_2)
FNF:3
FNH:0
FNDA:0,(anonymous_0)
FNDA:0,(anonymous_1)
FNDA:0,(anonymous_2)
DA:12,0
DA:16,0
DA:21,0
DA:30,0
DA:36,0
LF:5
LH:0
BRDA:34,0,0,0
BRDA:34,0,1,0
BRDA:39,1,0,0
BRDA:39,1,1,0
BRF:4
BRH:0
end_of_record
TN:
SF:src\modules\products\screens\EnhancedCreateProduct\components\Header\Header.tsx
FN:12,(anonymous_0)
FNF:1
FNH:1
FNDA:8,(anonymous_0)
DA:12,1
DA:16,8
LF:2
LH:2
BRF:0
BRH:0
end_of_record
TN:
SF:src\modules\products\screens\EnhancedCreateProduct\components\SubmitButton\SubmitButton.tsx
FN:12,(anonymous_0)
FNF:1
FNH:1
FNDA:11,(anonymous_0)
DA:12,1
DA:17,11
DA:19,9
LF:3
LH:3
BRDA:17,0,0,2
BRDA:17,0,1,9
BRDA:22,1,0,4
BRDA:22,1,1,5
BRF:4
BRH:4
end_of_record
TN:
SF:src\modules\products\screens\EnhancedCreateProduct\hooks\useEnhancedCreateProduct.ts
FN:6,(anonymous_0)
FN:35,(anonymous_1)
FN:39,(anonymous_2)
FN:49,(anonymous_3)
FN:50,(anonymous_4)
FN:53,(anonymous_5)
FN:54,(anonymous_6)
FN:61,(anonymous_7)
FNF:8
FNH:0
FNDA:0,(anonymous_0)
FNDA:0,(anonymous_1)
FNDA:0,(anonymous_2)
FNDA:0,(anonymous_3)
FNDA:0,(anonymous_4)
FNDA:0,(anonymous_5)
FNDA:0,(anonymous_6)
FNDA:0,(anonymous_7)
DA:6,1
DA:7,0
DA:28,0
DA:29,0
DA:30,0
DA:35,0
DA:36,0
DA:39,0
DA:40,0
DA:45,0
DA:49,0
DA:50,0
DA:53,0
DA:54,0
DA:61,0
DA:62,0
DA:63,0
DA:64,0
DA:67,0
DA:68,0
DA:71,0
DA:82,0
DA:84,0
DA:88,0
DA:90,0
LF:25
LH:1
BRDA:62,0,0,0
BRDA:62,0,1,0
BRDA:62,1,0,0
BRDA:62,1,1,0
BRDA:62,1,2,0
BRDA:88,2,0,0
BRDA:88,2,1,0
BRDA:88,2,2,0
BRF:8
BRH:0
end_of_record
TN:
SF:src\modules\products\screens\LoanConfiguration\LoanConfiguration.styles.ts
FNF:0
FNH:0
DA:4,2
LF:1
LH:1
BRF:0
BRH:0
end_of_record
TN:
SF:src\modules\products\screens\LoanConfiguration\LoanConfiguration.tsx
FN:24,(anonymous_0)
FN:52,(anonymous_1)
FN:53,(anonymous_2)
FN:59,(anonymous_3)
FN:115,(anonymous_4)
FN:119,(anonymous_5)
FN:123,(anonymous_6)
FNF:7
FNH:0
FNDA:0,(anonymous_0)
FNDA:0,(anonymous_1)
FNDA:0,(anonymous_2)
FNDA:0,(anonymous_3)
FNDA:0,(anonymous_4)
FNDA:0,(anonymous_5)
FNDA:0,(anonymous_6)
DA:24,1
DA:25,0
DA:26,0
DA:27,0
DA:28,0
DA:29,0
DA:32,0
DA:33,0
DA:49,0
DA:52,0
DA:53,0
DA:54,0
DA:55,0
DA:56,0
DA:59,0
DA:61,0
DA:63,0
DA:66,0
DA:68,0
DA:69,0
DA:70,0
DA:71,0
DA:72,0
DA:73,0
DA:74,0
DA:75,0
DA:76,0
DA:80,0
DA:81,0
DA:84,0
DA:85,0
DA:88,0
DA:90,0
DA:96,0
DA:98,0
DA:102,0
DA:103,0
DA:105,0
DA:109,0
DA:110,0
DA:115,0
DA:116,0
DA:119,0
DA:120,0
DA:123,0
DA:124,0
DA:126,0
DA:133,0
DA:134,0
DA:141,0
DA:142,0
DA:149,0
LF:52
LH:1
BRDA:61,0,0,0
BRDA:61,0,1,0
BRDA:68,1,0,0
BRDA:68,1,1,0
BRDA:68,2,0,0
BRDA:68,2,1,0
BRDA:70,3,0,0
BRDA:70,3,1,0
BRDA:70,4,0,0
BRDA:70,4,1,0
BRDA:72,5,0,0
BRDA:72,5,1,0
BRDA:72,6,0,0
BRDA:72,6,1,0
BRDA:74,7,0,0
BRDA:74,7,1,0
BRDA:74,8,0,0
BRDA:74,8,1,0
BRDA:76,9,0,0
BRDA:76,9,1,0
BRDA:76,10,0,0
BRDA:76,10,1,0
BRDA:76,10,2,0
BRDA:81,11,0,0
BRDA:81,11,1,0
BRDA:81,12,0,0
BRDA:81,12,1,0
BRDA:81,12,2,0
BRDA:88,13,0,0
BRDA:88,13,1,0
BRDA:92,14,0,0
BRDA:92,14,1,0
BRDA:93,15,0,0
BRDA:93,15,1,0
BRDA:94,16,0,0
BRDA:94,16,1,0
BRDA:109,17,0,0
BRDA:109,17,1,0
BRDA:124,18,0,0
BRDA:124,18,1,0
BRDA:133,19,0,0
BRDA:133,19,1,0
BRDA:141,20,0,0
BRDA:141,20,1,0
BRDA:196,21,0,0
BRDA:196,21,1,0
BRDA:198,22,0,0
BRDA:198,22,1,0
BRF:48
BRH:0
end_of_record
TN:
SF:src\modules\products\screens\LoanConfiguration\components\AmountSummary\AmountSummary.tsx
FN:11,(anonymous_0)
FNF:1
FNH:1
FNDA:10,(anonymous_0)
DA:11,2
DA:15,10
LF:2
LH:2
BRDA:18,0,0,8
BRDA:18,0,1,2
BRF:2
BRH:2
end_of_record
TN:
SF:src\modules\products\screens\LoanConfiguration\components\FinancialSummary\FinancialSummary.tsx
FN:12,(anonymous_0)
FNF:1
FNH:1
FNDA:12,(anonymous_0)
DA:12,2
DA:17,12
LF:2
LH:2
BRDA:23,0,0,10
BRDA:23,0,1,2
BRDA:32,1,0,10
BRDA:32,1,1,2
BRF:4
BRH:4
end_of_record
TN:
SF:src\modules\products\screens\LoanConfiguration\components\InstallmentSelector\InstallmentSelector.tsx
FN:18,(anonymous_0)
FNF:1
FNH:1
FNDA:12,(anonymous_0)
DA:18,2
DA:29,12
LF:2
LH:2
BRDA:38,0,0,12
BRDA:38,0,1,2
BRDA:45,1,0,2
BRDA:45,1,1,10
BRDA:61,2,0,12
BRDA:61,2,1,1
BRDA:64,3,0,1
BRDA:64,3,1,11
BRDA:71,4,0,1
BRDA:71,4,1,11
BRF:10
BRH:10
end_of_record
TN:
SF:src\modules\products\screens\LoanConfiguration\components\LoanHeader\LoanHeader.tsx
FN:11,(anonymous_0)
FNF:1
FNH:1
FNDA:16,(anonymous_0)
DA:11,2
DA:15,16
LF:2
LH:2
BRF:0
BRH:0
end_of_record
TN:
SF:src\modules\products\screens\LoanConfiguration\hooks\useLoanCalculation.ts
FN:10,(anonymous_0)
FN:22,(anonymous_1)
FN:32,(anonymous_2)
FN:59,(anonymous_3)
FN:68,(anonymous_4)
FN:77,(anonymous_5)
FN:96,(anonymous_6)
FN:104,(anonymous_7)
FN:109,(anonymous_8)
FNF:9
FNH:9
FNDA:45,(anonymous_0)
FNDA:3,(anonymous_1)
FNDA:23,(anonymous_2)
FNDA:2,(anonymous_3)
FNDA:2,(anonymous_4)
FNDA:7,(anonymous_5)
FNDA:1,(anonymous_6)
FNDA:23,(anonymous_7)
FNDA:17,(anonymous_8)
DA:10,1
DA:11,45
DA:12,45
DA:13,45
DA:14,45
DA:17,45
DA:18,45
DA:19,45
DA:22,45
DA:23,3
DA:32,45
DA:33,23
DA:34,2
DA:35,2
DA:38,21
DA:40,21
DA:41,3
DA:42,3
DA:46,18
DA:47,18
DA:49,18
DA:51,18
DA:59,45
DA:60,2
DA:61,1
DA:62,1
DA:63,1
DA:64,1
DA:68,45
DA:69,2
DA:70,1
DA:71,1
DA:72,1
DA:73,1
DA:77,45
DA:78,7
DA:80,7
DA:81,1
DA:82,1
DA:85,6
DA:86,6
DA:87,5
DA:88,3
DA:89,3
DA:91,2
DA:96,45
DA:97,1
DA:98,1
DA:99,1
DA:104,45
DA:105,23
DA:109,45
DA:110,17
DA:111,14
DA:112,14
DA:116,45
LF:56
LH:56
BRDA:17,0,0,45
BRDA:17,0,1,4
BRDA:18,1,0,45
BRDA:18,1,1,4
BRDA:19,2,0,41
BRDA:19,2,1,4
BRDA:33,3,0,2
BRDA:33,3,1,21
BRDA:33,4,0,23
BRDA:33,4,1,22
BRDA:33,4,2,22
BRDA:40,5,0,3
BRDA:40,5,1,18
BRDA:60,6,0,1
BRDA:60,6,1,1
BRDA:69,7,0,1
BRDA:69,7,1,1
BRDA:80,8,0,1
BRDA:80,8,1,6
BRDA:86,9,0,5
BRDA:86,9,1,1
BRDA:87,10,0,3
BRDA:87,10,1,2
BRDA:87,11,0,5
BRDA:87,11,1,4
BRDA:97,12,0,1
BRDA:97,12,1,0
BRDA:97,13,0,1
BRDA:97,13,1,0
BRDA:110,14,0,14
BRDA:110,14,1,3
BRF:31
BRH:29
end_of_record
TN:
SF:src\modules\products\screens\ProductList\ProductList.styles.ts
FNF:0
FNH:0
DA:4,1
LF:1
LH:1
BRF:0
BRH:0
end_of_record
TN:
SF:src\modules\products\screens\ProductList\ProductList.tsx
FN:16,(anonymous_0)
FN:20,(anonymous_1)
FN:25,(anonymous_2)
FNF:3
FNH:2
FNDA:6,(anonymous_0)
FNDA:1,(anonymous_1)
FNDA:0,(anonymous_2)
DA:16,1
DA:17,6
DA:18,6
DA:20,6
DA:21,1
DA:25,6
DA:26,6
DA:28,6
DA:100,1
LF:9
LH:9
BRDA:53,0,0,0
BRDA:53,0,1,6
BRDA:54,1,0,3
BRDA:54,1,1,3
BRDA:60,2,0,0
BRDA:60,2,1,3
BRF:6
BRH:4
end_of_record
TN:
SF:src\modules\products\screens\ProductList\components\ProductsList.tsx
FN:17,(anonymous_0)
FN:20,(anonymous_1)
FN:26,(anonymous_2)
FN:37,(anonymous_3)
FN:50,(anonymous_4)
FN:53,(anonymous_5)
FNF:6
FNH:6
FNDA:12,(anonymous_0)
FNDA:1,(anonymous_1)
FNDA:12,(anonymous_2)
FNDA:12,(anonymous_3)
FNDA:12,(anonymous_4)
FNDA:1,(anonymous_5)
DA:17,2
DA:18,12
DA:20,12
DA:21,1
DA:22,1
DA:26,12
DA:27,12
DA:28,12
DA:29,5
DA:30,7
DA:31,1
DA:33,6
DA:37,12
DA:38,12
DA:39,12
DA:40,5
DA:41,7
DA:42,1
DA:44,6
DA:48,12
DA:51,12
DA:53,1
DA:105,2
LF:23
LH:23
BRDA:21,0,0,1
BRDA:21,0,1,0
BRDA:28,1,0,5
BRDA:28,1,1,7
BRDA:28,2,0,12
BRDA:28,2,1,7
BRDA:30,3,0,1
BRDA:30,3,1,6
BRDA:30,4,0,7
BRDA:30,4,1,6
BRDA:39,5,0,5
BRDA:39,5,1,7
BRDA:39,6,0,12
BRDA:39,6,1,7
BRDA:41,7,0,1
BRDA:41,7,1,6
BRDA:41,8,0,7
BRDA:41,8,1,6
BRDA:90,9,0,12
BRDA:90,9,1,11
BRF:20
BRH:19
end_of_record
TN:
SF:src\modules\products\screens\ProductSimulator\ProductSimulator.styles.ts
FNF:0
FNH:0
DA:4,2
LF:1
LH:1
BRF:0
BRH:0
end_of_record
TN:
SF:src\modules\products\screens\ProductSimulator\ProductSimulator.tsx
FN:14,(anonymous_0)
FN:23,(anonymous_1)
FN:27,(anonymous_2)
FN:36,(anonymous_3)
FN:54,(anonymous_4)
FN:70,(anonymous_5)
FN:76,(anonymous_6)
FNF:7
FNH:5
FNDA:40,(anonymous_0)
FNDA:0,(anonymous_1)
FNDA:0,(anonymous_2)
FNDA:21,(anonymous_3)
FNDA:21,(anonymous_4)
FNDA:21,(anonymous_5)
FNDA:80,(anonymous_6)
DA:14,1
DA:15,40
DA:16,40
DA:17,40
DA:19,40
DA:20,40
DA:23,40
DA:24,0
DA:27,40
DA:28,0
DA:29,0
DA:36,40
DA:38,21
DA:40,21
DA:43,19
DA:44,19
DA:47,19
DA:48,19
DA:54,40
DA:55,21
DA:56,2
DA:57,2
DA:61,19
DA:63,19
DA:64,7
DA:66,12
DA:70,40
DA:71,21
DA:72,21
DA:73,21
DA:76,40
DA:77,80
DA:78,38
DA:79,38
DA:82,40
LF:35
LH:32
BRDA:28,0,0,0
BRDA:28,0,1,0
BRDA:28,1,0,0
BRDA:28,1,1,0
BRDA:40,2,0,2
BRDA:40,2,1,19
BRDA:55,3,0,2
BRDA:55,3,1,19
BRDA:63,4,0,7
BRDA:63,4,1,12
BRDA:77,5,0,42
BRDA:77,5,1,38
BRDA:123,6,0,7
BRDA:123,6,1,33
BRDA:134,7,0,28
BRDA:134,7,1,12
BRF:16
BRH:12
end_of_record
TN:
SF:src\modules\products\screens\RegisterProducts\RegisterProducts.styles.ts
FNF:0
FNH:0
DA:4,2
LF:1
LH:1
BRF:0
BRH:0
end_of_record
TN:
SF:src\modules\products\screens\RegisterProducts\RegisterProducts.tsx
FN:15,(anonymous_0)
FN:24,(anonymous_1)
FN:32,(anonymous_2)
FN:36,(anonymous_3)
FN:38,(anonymous_4)
FN:41,(anonymous_5)
FN:54,(anonymous_6)
FN:62,(anonymous_7)
FN:102,(anonymous_8)
FN:109,(anonymous_9)
FN:142,(anonymous_10)
FN:151,(anonymous_11)
FNF:12
FNH:10
FNDA:53,(anonymous_0)
FNDA:137,(anonymous_1)
FNDA:2,(anonymous_2)
FNDA:17,(anonymous_3)
FNDA:17,(anonymous_4)
FNDA:3,(anonymous_5)
FNDA:3,(anonymous_6)
FNDA:21,(anonymous_7)
FNDA:137,(anonymous_8)
FNDA:17,(anonymous_9)
FNDA:0,(anonymous_10)
FNDA:0,(anonymous_11)
DA:15,1
DA:16,53
DA:17,53
DA:18,53
DA:21,53
DA:24,137
DA:32,53
DA:33,2
DA:36,53
DA:38,17
DA:41,53
DA:43,3
DA:44,3
DA:45,3
DA:51,3
DA:54,53
DA:56,3
DA:59,53
DA:62,53
DA:63,53
DA:67,53
DA:103,137
DA:109,17
DA:143,0
DA:151,0
LF:25
LH:23
BRDA:38,0,0,1
BRDA:38,0,1,16
BRDA:43,1,0,3
BRDA:43,1,1,0
BRDA:59,2,0,16
BRDA:59,2,1,37
BRDA:62,3,0,16
BRDA:62,3,1,37
BRDA:63,4,0,16
BRDA:63,4,1,37
BRDA:64,5,0,13
BRDA:64,5,1,3
BRDA:92,6,0,4
BRDA:92,6,1,49
BRDA:107,7,0,137
BRDA:107,7,1,16
BRDA:129,8,0,93
BRDA:129,8,1,44
BRDA:133,9,0,93
BRDA:133,9,1,44
BRDA:135,10,0,93
BRDA:135,10,1,44
BRDA:179,11,0,137
BRDA:179,11,1,16
BRDA:191,12,0,53
BRDA:191,12,1,16
BRF:26
BRH:25
end_of_record
TN:
SF:src\modules\products\screens\SimulationResult\SimulationResult.styles.ts
FNF:0
FNH:0
DA:3,2
LF:1
LH:1
BRF:0
BRH:0
end_of_record
TN:
SF:src\modules\products\screens\SimulationResult\SimulationResult.tsx
FN:14,(anonymous_0)
FN:28,(anonymous_1)
FN:47,(anonymous_2)
FNF:3
FNH:3
FNDA:12,(anonymous_0)
FNDA:12,(anonymous_1)
FNDA:12,(anonymous_2)
DA:14,1
DA:25,12
DA:28,12
DA:29,12
DA:47,12
DA:48,12
DA:51,12
LF:7
LH:7
BRF:0
BRH:0
end_of_record
TN:
SF:src\modules\products\screens\SimulationResult\types.ts
FNF:0
FNH:0
LF:0
LH:0
BRF:0
BRH:0
end_of_record
TN:
SF:src\modules\products\screens\SimulationResult\components\AmortizationToggle\AmortizationToggle.styles.ts
FNF:0
FNH:0
DA:3,1
LF:1
LH:1
BRF:0
BRH:0
end_of_record
TN:
SF:src\modules\products\screens\SimulationResult\components\AmortizationToggle\AmortizationToggle.tsx
FN:11,(anonymous_0)
FN:26,(anonymous_1)
FN:44,(anonymous_2)
FNF:3
FNH:0
FNDA:0,(anonymous_0)
FNDA:0,(anonymous_1)
FNDA:0,(anonymous_2)
DA:11,0
DA:15,0
DA:26,0
DA:44,0
LF:4
LH:0
BRDA:22,0,0,0
BRDA:22,0,1,0
BRDA:30,1,0,0
BRDA:30,1,1,0
BRDA:40,2,0,0
BRDA:40,2,1,0
BRDA:48,3,0,0
BRDA:48,3,1,0
BRF:8
BRH:0
end_of_record
TN:
SF:src\modules\products\screens\SimulationResult\components\Footer\Footer.styles.ts
FNF:0
FNH:0
DA:3,1
LF:1
LH:1
BRF:0
BRH:0
end_of_record
TN:
SF:src\modules\products\screens\SimulationResult\components\Footer\Footer.tsx
FN:10,(anonymous_0)
FNF:1
FNH:1
FNDA:12,(anonymous_0)
DA:10,1
DA:11,12
LF:2
LH:2
BRF:0
BRH:0
end_of_record
TN:
SF:src\modules\products\screens\SimulationResult\components\Header\Header.styles.ts
FNF:0
FNH:0
DA:3,1
LF:1
LH:1
BRF:0
BRH:0
end_of_record
TN:
SF:src\modules\products\screens\SimulationResult\components\Header\Header.tsx
FN:11,(anonymous_0)
FNF:1
FNH:1
FNDA:17,(anonymous_0)
DA:11,1
DA:12,17
LF:2
LH:2
BRF:0
BRH:0
end_of_record
TN:
SF:src\modules\products\screens\SimulationResult\components\InstallmentsHeader\InstallmentsHeader.styles.ts
FNF:0
FNH:0
DA:3,2
LF:1
LH:1
BRF:0
BRH:0
end_of_record
TN:
SF:src\modules\products\screens\SimulationResult\components\InstallmentsHeader\InstallmentsHeader.tsx
FN:6,(anonymous_0)
FNF:1
FNH:1
FNDA:10,(anonymous_0)
DA:6,1
DA:7,10
LF:2
LH:2
BRF:0
BRH:0
end_of_record
TN:
SF:src\modules\products\screens\SimulationResult\components\ResultSummary\ResultSummary.styles.ts
FNF:0
FNH:0
DA:3,1
LF:1
LH:1
BRF:0
BRH:0
end_of_record
TN:
SF:src\modules\products\screens\SimulationResult\components\ResultSummary\ResultSummary.tsx
FN:23,(anonymous_0)
FNF:1
FNH:1
FNDA:15,(anonymous_0)
DA:23,1
DA:33,15
DA:108,1
LF:3
LH:3
BRDA:51,0,0,1
BRDA:51,0,1,14
BRDA:51,1,0,15
BRDA:51,1,1,2
BRDA:61,2,0,2
BRDA:61,2,1,13
BRDA:61,3,0,13
BRDA:61,3,1,2
BRDA:66,4,0,15
BRDA:66,4,1,2
BRDA:76,5,0,1
BRDA:76,5,1,14
BRDA:76,6,0,15
BRDA:76,6,1,2
BRDA:100,7,0,11
BRDA:100,7,1,4
BRDA:100,8,0,10
BRDA:100,8,1,5
BRDA:100,9,0,5
BRDA:100,9,1,4
BRF:20
BRH:20
end_of_record
TN:
SF:src\modules\products\screens\SimulationResult\hooks\useSimulationResult.ts
FN:31,(anonymous_0)
FN:38,(anonymous_1)
FN:45,(anonymous_2)
FN:60,(anonymous_3)
FN:81,(anonymous_4)
FN:85,(anonymous_5)
FNF:6
FNH:6
FNDA:26,(anonymous_0)
FNDA:23,(anonymous_1)
FNDA:36,(anonymous_2)
FNDA:24,(anonymous_3)
FNDA:1,(anonymous_4)
FNDA:3,(anonymous_5)
DA:31,2
DA:32,26
DA:33,26
DA:34,26
DA:35,26
DA:38,26
DA:40,23
DA:41,4
DA:45,36
DA:46,19
DA:47,15
DA:48,15
DA:51,4
DA:55,26
DA:60,24
DA:61,24
DA:62,24
DA:65,24
DA:66,24
DA:67,24
DA:70,24
DA:72,24
DA:81,24
DA:82,1
DA:85,24
DA:86,3
DA:94,24
LF:27
LH:27
BRDA:40,0,0,4
BRDA:40,0,1,19
BRDA:40,1,0,23
BRDA:40,1,1,20
BRDA:46,2,0,15
BRDA:46,2,1,4
BRDA:48,3,0,15
BRDA:48,3,1,15
BRDA:56,4,0,26
BRDA:56,4,1,3
BRDA:70,5,0,5
BRDA:70,5,1,19
BRDA:70,6,0,19
BRDA:70,6,1,3
BRF:14
BRH:14
end_of_record
TN:
SF:src\modules\products\screens\SimulationTransition\SimulationTransition.tsx
FN:12,(anonymous_0)
FNF:1
FNH:1
FNDA:26,(anonymous_0)
DA:12,1
DA:13,26
DA:14,26
DA:20,26
DA:22,26
DA:28,26
DA:30,26
DA:57,1
LF:8
LH:8
BRDA:47,0,0,26
BRDA:47,0,1,2
BRF:2
BRH:2
end_of_record
TN:
SF:src\modules\products\screens\SimulationTransition\types.ts
FNF:0
FNH:0
DA:21,3
DA:27,3
DA:28,3
DA:29,3
LF:4
LH:4
BRF:0
BRH:0
end_of_record
TN:
SF:src\modules\products\screens\SimulationTransition\components\AnimationPlaceholder.tsx
FN:10,(anonymous_0)
FN:14,(anonymous_1)
FN:47,(anonymous_2)
FNF:3
FNH:3
FNDA:35,(anonymous_0)
FNDA:30,(anonymous_1)
FNDA:3,(anonymous_2)
DA:10,1
DA:11,35
DA:12,35
DA:14,35
DA:15,30
DA:17,3
DA:35,3
DA:44,3
DA:45,3
DA:47,3
DA:48,3
DA:49,3
DA:52,27
DA:55,35
DA:56,32
DA:59,3
DA:64,3
DA:69,3
DA:87,1
LF:19
LH:19
BRDA:15,0,0,3
BRDA:15,0,1,27
BRDA:55,1,0,32
BRDA:55,1,1,3
BRF:4
BRH:4
end_of_record
TN:
SF:src\modules\products\screens\SimulationTransition\components\StatusCard.tsx
FN:12,(anonymous_0)
FN:13,(anonymous_1)
FN:26,(anonymous_2)
FNF:3
FNH:3
FNDA:38,(anonymous_0)
FNDA:38,(anonymous_1)
FNDA:38,(anonymous_2)
DA:12,1
DA:13,38
DA:14,38
DA:16,7
DA:18,7
DA:20,5
DA:22,19
DA:26,38
DA:27,38
DA:29,7
DA:31,7
DA:33,5
DA:35,19
DA:39,38
DA:54,1
LF:15
LH:15
BRDA:14,0,0,7
BRDA:14,0,1,7
BRDA:14,0,2,5
BRDA:14,0,3,19
BRDA:27,1,0,7
BRDA:27,1,1,7
BRDA:27,1,2,5
BRDA:27,1,3,19
BRF:8
BRH:8
end_of_record
TN:
SF:src\modules\products\screens\SimulationTransition\components\StatusDisplay.tsx
FN:12,(anonymous_0)
FN:13,(anonymous_1)
FN:26,(anonymous_2)
FN:41,(anonymous_3)
FNF:4
FNH:4
FNDA:39,(anonymous_0)
FNDA:39,(anonymous_1)
FNDA:39,(anonymous_2)
FNDA:39,(anonymous_3)
DA:12,1
DA:13,39
DA:14,39
DA:16,8
DA:18,7
DA:20,6
DA:22,18
DA:26,39
DA:27,39
DA:29,12
DA:31,8
DA:33,7
DA:35,6
DA:37,6
DA:41,39
DA:42,39
DA:44,8
DA:46,7
DA:48,6
DA:50,18
DA:54,39
DA:78,1
LF:22
LH:22
BRDA:14,0,0,8
BRDA:14,0,1,7
BRDA:14,0,2,6
BRDA:14,0,3,18
BRDA:27,1,0,12
BRDA:27,1,1,8
BRDA:27,1,2,7
BRDA:27,1,3,6
BRDA:27,1,4,6
BRDA:42,2,0,8
BRDA:42,2,1,7
BRDA:42,2,2,6
BRDA:42,2,3,18
BRDA:69,3,0,39
BRDA:69,3,1,27
BRF:15
BRH:15
end_of_record
TN:
SF:src\modules\products\screens\SimulationTransition\hooks\useBackPressHandler.ts
FN:9,(anonymous_0)
FN:13,(anonymous_1)
FN:14,(anonymous_2)
FN:25,(anonymous_3)
FNF:4
FNH:0
FNDA:0,(anonymous_0)
FNDA:0,(anonymous_1)
FNDA:0,(anonymous_2)
FNDA:0,(anonymous_3)
DA:9,1
DA:10,0
DA:13,0
DA:14,0
DA:15,0
DA:16,0
DA:17,0
DA:21,0
DA:25,0
DA:26,0
DA:28,0
LF:11
LH:1
BRDA:15,0,0,0
BRDA:15,0,1,0
BRF:2
BRH:0
end_of_record
TN:
SF:src\modules\products\screens\SimulationTransition\hooks\useSimulationTransition.ts
FN:19,(anonymous_0)
FN:26,(anonymous_1)
FN:36,(anonymous_2)
FN:49,(anonymous_3)
FN:70,(anonymous_4)
FN:80,(anonymous_5)
FN:106,(anonymous_6)
FN:107,(anonymous_7)
FN:111,(anonymous_8)
FN:121,(anonymous_9)
FN:122,(anonymous_10)
FNF:11
FNH:11
FNDA:87,(anonymous_0)
FNDA:32,(anonymous_1)
FNDA:31,(anonymous_2)
FNDA:2,(anonymous_3)
FNDA:27,(anonymous_4)
FNDA:9,(anonymous_5)
FNDA:32,(anonymous_6)
FNDA:31,(anonymous_7)
FNDA:32,(anonymous_8)
FNDA:32,(anonymous_9)
FNDA:32,(anonymous_10)
DA:19,2
DA:24,87
DA:25,87
DA:26,87
DA:27,32
DA:30,87
DA:31,87
DA:33,87
DA:36,87
DA:37,31
DA:44,31
DA:45,31
DA:46,31
DA:49,31
DA:50,2
DA:51,2
DA:52,2
DA:59,31
DA:60,31
DA:62,27
DA:63,27
DA:66,27
DA:67,27
DA:70,27
DA:71,27
DA:72,27
DA:74,27
DA:80,27
DA:81,9
DA:90,4
DA:91,4
DA:94,4
DA:95,4
DA:97,4
DA:106,87
DA:107,32
DA:108,31
DA:111,32
DA:112,32
DA:113,32
DA:114,32
DA:115,31
DA:121,87
DA:122,32
DA:123,32
DA:124,32
DA:125,31
DA:130,87
LF:48
LH:48
BRDA:62,0,0,27
BRDA:62,0,1,0
BRDA:90,1,0,4
BRDA:90,1,1,0
BRDA:100,2,0,3
BRDA:100,2,1,1
BRDA:114,3,0,31
BRDA:114,3,1,1
BRDA:124,4,0,31
BRDA:124,4,1,1
BRF:10
BRH:8
end_of_record
TN:
SF:src\modules\products\screens\SimulationTransition\hooks\useStatusRotation.ts
FN:10,(anonymous_0)
FN:14,(anonymous_1)
FN:18,(anonymous_2)
FN:24,(anonymous_3)
FNF:4
FNH:4
FNDA:11,(anonymous_0)
FNDA:3,(anonymous_1)
FNDA:3,(anonymous_2)
FNDA:1,(anonymous_3)
DA:10,3
DA:11,11
DA:12,11
DA:14,11
DA:15,3
DA:16,3
DA:18,3
DA:19,3
DA:20,3
DA:24,11
DA:25,1
DA:26,1
DA:27,1
DA:31,11
LF:14
LH:14
BRDA:16,0,0,3
BRDA:16,0,1,0
BRDA:20,1,0,3
BRDA:20,1,1,0
BRDA:25,2,0,1
BRDA:25,2,1,0
BRF:6
BRH:3
end_of_record
TN:
SF:src\modules\products\screens\SimulationTransition\utils\simulationAPI.ts
FN:3,(anonymous_0)
FN:8,(anonymous_1)
FNF:2
FNH:2
FNDA:5,(anonymous_0)
FNDA:5,(anonymous_1)
DA:3,3
DA:8,5
DA:10,5
DA:12,5
DA:15,5
DA:16,5
DA:17,5
DA:19,5
LF:8
LH:8
BRF:0
BRH:0
end_of_record
TN:
SF:src\modules\products\utils\installmentConverter.ts
FN:7,(anonymous_0)
FN:23,(anonymous_1)
FN:26,(anonymous_2)
FNF:3
FNH:3
FNDA:3,(anonymous_0)
FNDA:5,(anonymous_1)
FNDA:8,(anonymous_2)
DA:7,1
DA:8,3
DA:23,1
DA:24,5
DA:26,5
DA:27,8
DA:29,8
LF:7
LH:7
BRF:0
BRH:0
end_of_record
TN:
SF:src\modules\simulationLoading\components\LoadingFallback\LoadingFallback.tsx
FN:10,(anonymous_0)
FNF:1
FNH:1
FNDA:5,(anonymous_0)
DA:10,3
DA:14,5
DA:29,3
LF:3
LH:3
BRDA:11,0,0,4
BRDA:12,1,0,3
BRF:2
BRH:2
end_of_record
TN:
SF:src\modules\simulationLoading\components\LottieAnimation\SimulationLottieAnimation.tsx
FN:14,(anonymous_0)
FN:23,(anonymous_1)
FN:33,(anonymous_2)
FNF:3
FNH:3
FNDA:6,(anonymous_0)
FNDA:6,(anonymous_1)
FNDA:2,(anonymous_2)
DA:14,2
DA:20,6
DA:21,6
DA:23,6
DA:24,6
DA:26,2
DA:27,4
DA:29,4
DA:33,6
DA:36,2
DA:39,6
DA:40,0
DA:48,6
DA:49,6
DA:65,0
DA:74,2
LF:16
LH:14
BRDA:17,0,0,5
BRDA:18,1,0,1
BRDA:24,2,0,2
BRDA:24,2,1,4
BRDA:24,3,0,6
BRDA:24,3,1,2
BRDA:27,4,0,4
BRDA:27,4,1,0
BRDA:27,5,0,4
BRDA:27,5,1,4
BRDA:39,6,0,0
BRDA:39,6,1,6
BRF:12
BRH:10
end_of_record
TN:
SF:src\modules\simulationLoading\screens\SimulationLoadingScreen.styles.ts
FNF:0
FNH:0
DA:3,3
LF:1
LH:1
BRF:0
BRH:0
end_of_record
TN:
SF:src\modules\simulationLoading\screens\SimulationLoadingScreen.tsx
FN:15,(anonymous_0)
FN:22,(anonymous_1)
FN:23,(anonymous_2)
FN:42,(anonymous_3)
FN:51,(anonymous_4)
FNF:5
FNH:5
FNDA:5,(anonymous_0)
FNDA:3,(anonymous_1)
FNDA:3,(anonymous_2)
FNDA:2,(anonymous_3)
FNDA:1,(anonymous_4)
DA:15,2
DA:16,5
DA:17,5
DA:18,5
DA:19,5
DA:22,5
DA:23,3
DA:24,3
DA:25,3
DA:26,3
DA:29,3
DA:32,3
DA:42,3
DA:43,2
DA:44,2
DA:48,3
DA:51,5
DA:52,1
DA:53,1
DA:61,0
DA:62,0
DA:63,0
DA:65,0
DA:66,0
DA:67,0
DA:68,0
DA:70,0
DA:80,0
DA:89,5
LF:29
LH:20
BRDA:24,0,0,3
BRDA:24,0,1,0
BRDA:25,1,0,3
BRDA:25,1,1,0
BRDA:56,2,0,1
BRDA:56,2,1,0
BRDA:61,3,0,0
BRDA:61,3,1,0
BRDA:62,4,0,0
BRDA:62,4,1,0
BRF:10
BRH:3
end_of_record
TN:
SF:src\modules\splash\components\LottieAnimation\LottieAnimation.tsx
FN:90,(anonymous_0)
FN:111,(anonymous_1)
FN:119,(anonymous_2)
FN:129,(anonymous_3)
FN:135,(anonymous_4)
FN:141,(anonymous_5)
FNF:6
FNH:2
FNDA:2,(anonymous_0)
FNDA:0,(anonymous_1)
FNDA:0,(anonymous_2)
FNDA:2,(anonymous_3)
FNDA:0,(anonymous_4)
FNDA:0,(anonymous_5)
DA:90,2
DA:106,2
DA:107,2
DA:110,2
DA:112,0
DA:114,0
DA:115,0
DA:119,0
DA:121,0
DA:122,0
DA:129,2
DA:130,2
DA:131,0
DA:135,2
DA:136,0
DA:137,0
DA:141,2
DA:142,0
DA:143,0
DA:144,0
DA:149,2
DA:150,0
DA:153,2
DA:184,2
LF:24
LH:11
BRDA:92,0,0,0
BRDA:93,1,0,2
BRDA:94,2,0,2
BRDA:95,3,0,2
BRDA:96,4,0,2
BRDA:97,5,0,2
BRDA:100,6,0,2
BRDA:103,7,0,2
BRDA:112,8,0,0
BRDA:112,8,1,0
BRDA:112,9,0,0
BRDA:112,9,1,0
BRDA:114,10,0,0
BRDA:114,10,1,0
BRDA:114,11,0,0
BRDA:114,11,1,0
BRDA:121,12,0,0
BRDA:121,12,1,0
BRDA:121,13,0,0
BRDA:121,13,1,0
BRDA:130,14,0,0
BRDA:130,14,1,2
BRDA:130,15,0,2
BRDA:130,15,1,0
BRDA:130,15,2,0
BRDA:136,16,0,0
BRDA:136,16,1,0
BRDA:143,17,0,0
BRDA:143,17,1,0
BRDA:149,18,0,0
BRDA:149,18,1,2
BRDA:165,19,0,1
BRDA:165,19,1,1
BRF:33
BRH:12
end_of_record
TN:
SF:src\modules\splash\components\SplashFallback\SplashFallback.tsx
FN:33,(anonymous_0)
FNF:1
FNH:1
FNDA:4,(anonymous_0)
DA:33,3
DA:39,4
DA:55,3
LF:3
LH:3
BRDA:34,0,0,4
BRDA:35,1,0,4
BRDA:37,2,0,3
BRF:3
BRH:3
end_of_record
TN:
SF:src\modules\splash\screens\SplashScreen.tsx
FN:16,(anonymous_0)
FN:27,(anonymous_1)
FN:28,(anonymous_2)
FN:34,(anonymous_3)
FN:38,(anonymous_4)
FN:62,(anonymous_5)
FN:64,(anonymous_6)
FN:72,(anonymous_7)
FN:74,(anonymous_8)
FN:80,(anonymous_9)
FNF:10
FNH:7
FNDA:6,(anonymous_0)
FNDA:6,(anonymous_1)
FNDA:1,(anonymous_2)
FNDA:6,(anonymous_3)
FNDA:6,(anonymous_4)
FNDA:0,(anonymous_5)
FNDA:0,(anonymous_6)
FNDA:2,(anonymous_7)
FNDA:2,(anonymous_8)
FNDA:0,(anonymous_9)
DA:16,2
DA:17,6
DA:18,6
DA:19,6
DA:22,6
DA:23,6
DA:24,6
DA:27,6
DA:28,6
DA:29,1
DA:30,1
DA:34,6
DA:38,6
DA:39,6
DA:40,0
DA:64,0
DA:65,0
DA:66,0
DA:72,6
DA:74,2
DA:75,2
DA:76,2
DA:80,6
DA:83,0
DA:86,6
DA:91,6
DA:143,2
LF:27
LH:22
BRDA:29,0,0,1
BRDA:29,0,1,0
BRDA:39,1,0,0
BRDA:39,1,1,6
BRDA:101,2,0,6
BRDA:101,2,1,0
BRF:6
BRH:3
end_of_record
TN:
SF:src\navigation\AppStack.tsx
FN:29,(anonymous_0)
FNF:1
FNH:1
FNDA:2,(anonymous_0)
DA:27,1
DA:29,1
DA:30,2
LF:3
LH:3
BRF:0
BRH:0
end_of_record
TN:
SF:src\navigation\test-utils.tsx
FN:6,(anonymous_0)
FN:13,(anonymous_1)
FNF:2
FNH:2
FNDA:17,(anonymous_0)
FNDA:27,(anonymous_1)
DA:6,3
DA:7,17
DA:13,3
DA:17,27
LF:4
LH:4
BRF:0
BRH:0
end_of_record
TN:
SF:src\services\products\api\productsApi.ts
FN:8,(anonymous_0)
FN:13,(anonymous_1)
FN:19,(anonymous_2)
FN:37,(anonymous_3)
FN:39,(anonymous_4)
FN:52,(anonymous_5)
FN:53,(anonymous_6)
FN:54,(anonymous_7)
FN:62,(anonymous_8)
FN:64,(anonymous_9)
FN:83,(anonymous_10)
FN:121,(anonymous_11)
FN:123,(anonymous_12)
FN:126,(anonymous_13)
FN:169,(anonymous_14)
FN:171,(anonymous_15)
FN:174,(anonymous_16)
FNF:17
FNH:11
FNDA:1,(anonymous_0)
FNDA:12,(anonymous_1)
FNDA:6,(anonymous_2)
FNDA:4,(anonymous_3)
FNDA:5,(anonymous_4)
FNDA:0,(anonymous_5)
FNDA:0,(anonymous_6)
FNDA:0,(anonymous_7)
FNDA:2,(anonymous_8)
FNDA:2,(anonymous_9)
FNDA:1,(anonymous_10)
FNDA:0,(anonymous_11)
FNDA:0,(anonymous_12)
FNDA:0,(anonymous_13)
FNDA:2,(anonymous_14)
FNDA:2,(anonymous_15)
FNDA:3,(anonymous_16)
DA:4,10
DA:6,10
DA:9,1
DA:14,12
DA:15,12
DA:16,12
DA:19,11
DA:20,6
DA:27,6
DA:30,11
DA:32,1
DA:39,5
DA:47,4
DA:48,4
DA:53,0
DA:54,0
DA:55,0
DA:56,0
DA:64,2
DA:67,2
DA:68,0
DA:70,2
DA:71,0
DA:73,2
DA:74,0
DA:76,2
DA:77,0
DA:81,2
DA:82,2
DA:83,1
DA:86,2
DA:87,0
DA:91,2
DA:103,2
DA:104,0
DA:106,2
DA:107,1
DA:109,2
DA:110,0
DA:114,2
DA:115,2
DA:116,2
DA:118,1
DA:123,0
DA:125,0
DA:126,0
DA:128,0
DA:129,0
DA:132,0
DA:133,0
DA:134,0
DA:137,0
DA:149,0
DA:150,0
DA:151,0
DA:153,0
DA:154,0
DA:156,0
DA:157,0
DA:159,0
DA:160,0
DA:163,0
DA:164,0
DA:166,0
DA:171,2
DA:173,2
DA:174,3
DA:175,2
LF:68
LH:36
BRDA:16,0,0,8
BRDA:16,0,1,4
BRDA:22,1,0,1
BRDA:22,1,1,5
BRDA:23,2,0,1
BRDA:23,2,1,5
BRDA:24,3,0,1
BRDA:24,3,1,5
BRDA:42,4,0,0
BRDA:42,4,1,5
BRDA:43,5,0,1
BRDA:43,5,1,4
BRDA:44,6,0,0
BRDA:44,6,1,5
BRDA:67,7,0,0
BRDA:67,7,1,2
BRDA:70,8,0,0
BRDA:70,8,1,2
BRDA:70,9,0,2
BRDA:70,9,1,2
BRDA:73,10,0,0
BRDA:73,10,1,2
BRDA:76,11,0,0
BRDA:76,11,1,2
BRDA:86,12,0,0
BRDA:86,12,1,2
BRDA:103,13,0,0
BRDA:103,13,1,2
BRDA:106,14,0,1
BRDA:106,14,1,1
BRDA:109,15,0,0
BRDA:109,15,1,2
BRDA:128,16,0,0
BRDA:128,16,1,0
BRDA:133,17,0,0
BRDA:133,17,1,0
BRDA:139,18,0,0
BRDA:139,18,1,0
BRDA:140,19,0,0
BRDA:140,19,1,0
BRDA:141,20,0,0
BRDA:141,20,1,0
BRDA:142,21,0,0
BRDA:142,21,1,0
BRDA:143,22,0,0
BRDA:143,22,1,0
BRDA:149,23,0,0
BRDA:149,23,1,0
BRDA:150,24,0,0
BRDA:150,24,1,0
BRDA:151,25,0,0
BRDA:151,25,1,0
BRDA:153,26,0,0
BRDA:153,26,1,0
BRDA:156,27,0,0
BRDA:156,27,1,0
BRDA:159,28,0,0
BRDA:159,28,1,0
BRF:58
BRH:23
end_of_record
TN:
SF:src\services\products\data\productDataService.ts
FN:19,(anonymous_0)
FN:27,(anonymous_1)
FN:41,(anonymous_2)
FN:84,(anonymous_3)
FN:102,(anonymous_4)
FN:104,(anonymous_5)
FN:111,(anonymous_6)
FN:121,(anonymous_7)
FN:128,(anonymous_8)
FN:140,(anonymous_9)
FN:156,(anonymous_10)
FN:175,(anonymous_11)
FN:195,(anonymous_12)
FN:211,(anonymous_13)
FNF:14
FNH:14
FNDA:58,(anonymous_0)
FNDA:12,(anonymous_1)
FNDA:37,(anonymous_2)
FNDA:7,(anonymous_3)
FNDA:3,(anonymous_4)
FNDA:6,(anonymous_5)
FNDA:3,(anonymous_6)
FNDA:9,(anonymous_7)
FNDA:6,(anonymous_8)
FNDA:5,(anonymous_9)
FNDA:3,(anonymous_10)
FNDA:7,(anonymous_11)
FNDA:5,(anonymous_12)
FNDA:3,(anonymous_13)
DA:16,55
DA:17,55
DA:20,58
DA:21,55
DA:23,58
DA:28,12
DA:29,2
DA:32,10
DA:33,10
DA:34,10
DA:36,0
DA:42,37
DA:43,1
DA:48,36
DA:50,36
DA:52,15
DA:53,15
DA:55,7
DA:56,7
DA:58,2
DA:59,2
DA:61,2
DA:62,2
DA:64,7
DA:65,7
DA:67,1
DA:68,1
DA:70,1
DA:71,1
DA:73,1
DA:76,35
DA:77,35
DA:79,1
DA:85,7
DA:86,7
DA:88,7
DA:89,21
DA:90,21
DA:91,20
DA:92,14
DA:98,7
DA:103,3
DA:104,3
DA:105,6
DA:112,3
DA:121,9
DA:130,6
DA:131,2
DA:133,4
DA:134,2
DA:136,2
DA:145,5
DA:146,5
DA:147,1
DA:150,4
DA:157,3
DA:158,1
DA:164,2
DA:165,1
DA:171,1
DA:176,7
DA:177,7
DA:179,3
DA:181,1
DA:183,1
DA:185,1
DA:187,1
DA:190,1
DA:196,5
DA:197,5
DA:199,3
DA:201,1
DA:203,1
DA:206,1
DA:212,3
DA:213,3
DA:215,0
LF:77
LH:75
BRDA:20,0,0,55
BRDA:20,0,1,3
BRDA:28,1,0,2
BRDA:28,1,1,10
BRDA:42,2,0,1
BRDA:42,2,1,36
BRDA:50,3,0,15
BRDA:50,3,1,7
BRDA:50,3,2,2
BRDA:50,3,3,2
BRDA:50,3,4,7
BRDA:50,3,5,1
BRDA:50,3,6,1
BRDA:50,3,7,1
BRDA:91,4,0,14
BRDA:91,4,1,6
BRDA:91,5,0,20
BRDA:91,5,1,17
BRDA:105,6,0,6
BRDA:105,6,1,3
BRDA:123,7,0,9
BRDA:123,7,1,1
BRDA:130,8,0,2
BRDA:130,8,1,4
BRDA:130,9,0,6
BRDA:130,9,1,5
BRDA:133,10,0,2
BRDA:133,10,1,2
BRDA:133,11,0,4
BRDA:133,11,1,3
BRDA:146,12,0,1
BRDA:146,12,1,4
BRDA:150,13,0,2
BRDA:150,13,1,2
BRDA:157,14,0,1
BRDA:157,14,1,2
BRDA:164,15,0,1
BRDA:164,15,1,1
BRDA:177,16,0,3
BRDA:177,16,1,1
BRDA:177,16,2,1
BRDA:177,16,3,1
BRDA:177,16,4,1
BRDA:197,17,0,3
BRDA:197,17,1,1
BRDA:197,17,2,1
BRF:46
BRH:46
end_of_record
TN:
SF:src\services\products\types\productTypes.ts
FNF:0
FNH:0
LF:0
LH:0
BRF:0
BRH:0
end_of_record
TN:
SF:src\services\simulations\api\simulationsApi.ts
FN:24,(anonymous_0)
FN:26,(anonymous_1)
FN:52,(anonymous_2)
FNF:3
FNH:3
FNDA:4,(anonymous_0)
FNDA:4,(anonymous_1)
FNDA:11,(anonymous_2)
DA:20,4
DA:26,4
DA:28,4
DA:36,4
DA:38,4
DA:53,11
LF:6
LH:6
BRDA:54,0,0,11
BRDA:54,0,1,9
BRDA:54,0,2,8
BRDA:54,0,3,5
BRDA:54,0,4,4
BRDA:54,0,5,3
BRF:6
BRH:6
end_of_record
TN:
SF:src\services\simulations\calculator\loanCalculator.ts
FN:31,calculateLoanSchedule
FN:44,calculatePriceSchedule
FN:104,(anonymous_2)
FN:105,(anonymous_3)
FN:119,calculateSACSchedule
FN:174,(anonymous_5)
FN:189,convertYearlyToMonthlyRate
FN:196,convertMonthlyToYearlyRate
FNF:8
FNH:8
FNDA:14,calculateLoanSchedule
FNDA:12,calculatePriceSchedule
FNDA:139,(anonymous_2)
FNDA:139,(anonymous_3)
FNDA:2,calculateSACSchedule
FNDA:24,(anonymous_5)
FNDA:7,convertYearlyToMonthlyRate
FNDA:8,convertMonthlyToYearlyRate
DA:32,14
DA:34,14
DA:35,2
DA:37,12
DA:45,12
DA:48,12
DA:51,12
DA:52,12
DA:53,12
DA:56,12
DA:58,139
DA:59,139
DA:62,139
DA:63,0
DA:64,0
DA:68,139
DA:71,139
DA:72,139
DA:75,139
DA:76,12
DA:77,12
DA:81,139
DA:82,139
DA:83,139
DA:85,139
DA:86,139
DA:89,139
DA:90,8
DA:93,139
DA:104,139
DA:105,139
DA:107,12
DA:120,2
DA:123,2
DA:125,2
DA:126,2
DA:127,2
DA:130,2
DA:132,24
DA:133,24
DA:136,24
DA:137,0
DA:138,0
DA:142,24
DA:145,24
DA:148,24
DA:151,24
DA:152,24
DA:153,24
DA:155,24
DA:156,24
DA:159,24
DA:160,0
DA:163,24
DA:174,24
DA:175,2
DA:177,2
DA:190,7
DA:197,8
LF:59
LH:54
BRDA:32,0,0,12
BRDA:34,1,0,2
BRDA:34,1,1,12
BRDA:62,2,0,0
BRDA:62,2,1,139
BRDA:75,3,0,12
BRDA:75,3,1,127
BRDA:89,4,0,8
BRDA:89,4,1,131
BRDA:136,5,0,0
BRDA:136,5,1,24
BRDA:159,6,0,0
BRDA:159,6,1,24
BRDA:175,7,0,2
BRDA:175,7,1,0
BRF:15
BRH:11
end_of_record
TN:
SF:src\types\products.ts
FNF:0
FNH:0
LF:0
LH:0
BRF:0
BRH:0
end_of_record
TN:
SF:src\utils\test-utils.tsx
FN:10,(anonymous_0)
FN:21,(anonymous_1)
FNF:2
FNH:2
FNDA:62,(anonymous_0)
FNDA:5,(anonymous_1)
DA:10,4
DA:11,62
DA:21,4
DA:22,5
LF:4
LH:4
BRF:0
BRH:0
end_of_record
